{"target": 0.1869, "params": {"dim_hidden_a2c": 250.8, "dim_hidden_lstm": 193.4, "entropy_error_coef": 2.859, "lstm_learning_rate": 0.003024, "value_error_coef": 0.1468}, "datetime": {"datetime": "2022-06-22 19:43:07", "elapsed": 0.0, "delta": 0.0}}
{"target": 0.187, "params": {"dim_hidden_a2c": 105.4, "dim_hidden_lstm": 73.72, "entropy_error_coef": 0.08639, "lstm_learning_rate": 0.003968, "value_error_coef": 0.5388}, "datetime": {"datetime": "2022-06-22 19:43:07", "elapsed": 0.002, "delta": 0.002}}
{"target": 0.1784, "params": {"dim_hidden_a2c": 251.8, "dim_hidden_lstm": 185.5, "entropy_error_coef": 0.05111, "lstm_learning_rate": 0.008781, "value_error_coef": 0.02739}, "datetime": {"datetime": "2022-06-22 19:43:07", "elapsed": 0.002999, "delta": 0.000999}}
{"target": 0.2878, "params": {"dim_hidden_a2c": 364.4, "dim_hidden_lstm": 125.5, "entropy_error_coef": 0.1397, "lstm_learning_rate": 0.001405, "value_error_coef": 0.1981}, "datetime": {"datetime": "2022-06-22 19:43:07", "elapsed": 0.003999, "delta": 0.001}}
{"target": 0.184, "params": {"dim_hidden_a2c": 422.7, "dim_hidden_lstm": 248.9, "entropy_error_coef": 0.07836, "lstm_learning_rate": 0.006924, "value_error_coef": 0.8764}, "datetime": {"datetime": "2022-06-22 19:43:07", "elapsed": 0.005, "delta": 0.001001}}
{"target": 0.1967, "params": {"dim_hidden_a2c": 363.8, "dim_hidden_lstm": 124.7, "entropy_error_coef": 0.1183, "lstm_learning_rate": 0.003332, "value_error_coef": 0.0559}, "datetime": {"datetime": "2022-06-22 19:43:07", "elapsed": 0.005999, "delta": 0.000999}}
