{"target": 0.1861760460337003, "params": {"entropy_error_coef": 5.718740867244332e-05, "value_error_coef": 0.22674942947387983}, "datetime": {"datetime": "2022-06-28 01:00:50", "elapsed": 3553.008738, "delta": 3553.008738}}
{"target": 0.2302960290114085, "params": {"entropy_error_coef": 0.07337794540855652, "value_error_coef": 0.06925394607659835}, "datetime": {"datetime": "2022-06-28 02:00:14", "elapsed": 7117.098924, "delta": 3564.090186}}
{"target": 0.25216269850730894, "params": {"entropy_error_coef": 0.09313010568883545, "value_error_coef": 0.2591705452822858}, "datetime": {"datetime": "2022-06-28 02:59:44", "elapsed": 10687.28116, "delta": 3570.182236}}
{"target": 0.3201386475165685, "params": {"entropy_error_coef": 0.05438815738137959, "value_error_coef": 0.2766593774800763}, "datetime": {"datetime": "2022-06-28 03:59:31", "elapsed": 14274.249871, "delta": 3586.968711}}
{"target": 0.19044537655512492, "params": {"entropy_error_coef": 0.4150009539436586, "value_error_coef": 0.49510343786906386}, "datetime": {"datetime": "2022-06-28 04:57:27", "elapsed": 17750.279272, "delta": 3476.029401}}
{"target": 0.25057868973414105, "params": {"entropy_error_coef": 0.07465335658686478, "value_error_coef": 0.47160882300207196}, "datetime": {"datetime": "2022-06-28 05:55:18", "elapsed": 21221.497211, "delta": 3471.217939}}
{"target": 0.21816270303726196, "params": {"entropy_error_coef": 0.06304262829267804, "value_error_coef": 0.2921077699386225}, "datetime": {"datetime": "2022-06-28 06:53:06", "elapsed": 24689.195279, "delta": 3467.698068}}
{"target": 0.22222403359413148, "params": {"entropy_error_coef": 0.1978137060798807, "value_error_coef": 0.12109362889096531}, "datetime": {"datetime": "2022-06-28 07:50:54", "elapsed": 28156.763388, "delta": 3467.568109}}
{"target": 0.18157337284088135,"params": {"entropy_error_coef": 0.4438485155282544,"value_error_coef": 0.3354001872097282},"datetime": {"datetime": "2022-06-28 08:55:27","elapsed": 32029.872063,"delta": 3873.108675}}
{"target": 0.18774937482674917,"params": {"entropy_error_coef": 0.21614708449545156,"value_error_coef": 0.26401471573975166},"datetime": {"datetime": "2022-06-28 09:56:18","elapsed": 35681.556188,"delta": 3651.684125}}