{"target": 0.673874994456768, "params": {"embedding_learning_rate": -3.748933985892278, "embedding_size": 8.60162246721079}, "datetime": {"datetime": "2022-06-29 07:50:25", "elapsed": 0.0, "delta": 0.0}}
{"target": 0.5177125018537044, "params": {"embedding_learning_rate": -4.999656875547966, "embedding_size": 6.511662863159199}, "datetime": {"datetime": "2022-06-29 08:12:11", "elapsed": 1305.548747, "delta": 1305.548747}}
{"target": 0.5225750014185906, "params": {"embedding_learning_rate": -4.5597323275486605, "embedding_size": 5.461692973843989}, "datetime": {"datetime": "2022-06-29 08:33:33", "elapsed": 2587.972901, "delta": 1282.424154}}
{"target": 0.5986499988436699, "params": {"embedding_learning_rate": -4.441219365866988, "embedding_size": 6.727803635215238}, "datetime": {"datetime": "2022-06-29 08:56:02", "elapsed": 3936.575856, "delta": 1348.602955}}
{"target": 0.700399992465973, "params": {"embedding_learning_rate": -3.80969757730799, "embedding_size": 7.694083670016784}, "datetime": {"datetime": "2022-06-29 09:20:51", "elapsed": 5426.068088, "delta": 1489.492232}}
{"target": 0.6941374931335449, "params": {"embedding_learning_rate": -3.7424164567901155, "embedding_size": 8.426097501983797}, "datetime": {"datetime": "2022-06-29 09:45:12", "elapsed": 6887.251084, "delta": 1461.182996}}
{"target": 0.668674992620945, "params": {"embedding_learning_rate": -4.386643250805448, "embedding_size": 9.390587181954727}, "datetime": {"datetime": "2022-06-29 10:11:45", "elapsed": 8479.492644, "delta": 1592.24156}}
{"target": 0.549912502259016, "params": {"embedding_learning_rate": -4.917837220406222, "embedding_size": 8.352337550892011}, "datetime": {"datetime": "2022-06-29 10:36:40", "elapsed": 9975.124775, "delta": 1495.632131}}
{"target": 0.7011249907612801, "params": {"embedding_learning_rate": -2.8943767620099923, "embedding_size": 7.90281141624593}, "datetime": {"datetime": "2022-06-29 11:01:32", "elapsed": 11466.801835, "delta": 1491.67706}}
{"target": 0.7299124884605408, "params": {"embedding_learning_rate": -2.5703903714787883, "embedding_size": 6.674050705392865}, "datetime": {"datetime": "2022-06-29 11:24:55", "elapsed": 12869.651941, "delta": 1402.850106}}
{"target": 0.6623749971389771, "params": {"embedding_learning_rate": -2.0, "embedding_size": 5.678252763811532}, "datetime": {"datetime": "2022-06-29 11:48:12", "elapsed": 14266.602068, "delta": 1396.950127}}
{"target": 0.5904875015616416, "params": {"embedding_learning_rate": -2.0, "embedding_size": 7.249066040479281}, "datetime": {"datetime": "2022-06-29 12:10:21", "elapsed": 15595.603447, "delta": 1329.001379}}
{"target": 0.7113999919295311, "params": {"embedding_learning_rate": -3.2402088759630256, "embedding_size": 6.808253187609596}, "datetime": {"datetime": "2022-06-29 12:33:15", "elapsed": 16970.180079, "delta": 1374.576632}}
{"target": 0.7156124902367592, "params": {"embedding_learning_rate": -2.9138121256642546, "embedding_size": 6.0236959973641175}, "datetime": {"datetime": "2022-06-29 12:56:07", "elapsed": 18341.590727, "delta": 1371.410648}}
{"target": 0.6586874933838844, "params": {"embedding_learning_rate": -2.186018457336455, "embedding_size": 10.0}, "datetime": {"datetime": "2022-06-29 13:24:09", "elapsed": 20023.654574, "delta": 1682.063847}}
{"target": 0.7451999863386154, "params": {"embedding_learning_rate": -3.4615656488520665, "embedding_size": 9.999317632709188}, "datetime": {"datetime": "2022-06-29 13:50:53", "elapsed": 21627.591742, "delta": 1603.937168}}
{"target": 0.6850499939322472, "params": {"embedding_learning_rate": -4.057868362963731, "embedding_size": 9.987187296566995}, "datetime": {"datetime": "2022-06-29 14:13:37", "elapsed": 22992.033606, "delta": 1364.441864}}
{"target": 0.7420749856233597, "params": {"embedding_learning_rate": -2.97905736791509, "embedding_size": 9.421406234591013}, "datetime": {"datetime": "2022-06-29 14:37:22", "elapsed": 24416.586761, "delta": 1424.553155}}
{"target": 0.688937490284443, "params": {"embedding_learning_rate": -2.359207820757652, "embedding_size": 8.847464733844058}, "datetime": {"datetime": "2022-06-29 15:01:57", "elapsed": 25892.090785, "delta": 1475.504024}}
{"target": 0.7248124905824661, "params": {"embedding_learning_rate": -2.9694649708162673, "embedding_size": 10.0}, "datetime": {"datetime": "2022-06-29 15:27:42", "elapsed": 27436.92308, "delta": 1544.832295}}
{"target": 0.688337496459484, "params": {"embedding_learning_rate": -2.806332847495999, "embedding_size": 5.016126774089727}, "datetime": {"datetime": "2022-06-29 15:49:53", "elapsed": 28768.218701, "delta": 1331.295621}}
{"target": 0.7496874870657921, "params": {"embedding_learning_rate": -3.4513661665194992, "embedding_size": 9.542586919182654}, "datetime": {"datetime": "2022-06-29 16:12:39", "elapsed": 30133.481318, "delta": 1365.262617}}
{"target": 0.6074374978542327, "params": {"embedding_learning_rate": -5.0, "embedding_size": 10.0}, "datetime": {"datetime": "2022-06-29 16:36:23", "elapsed": 31557.683052, "delta": 1424.201734}}
{"target": 0.7528749841451645, "params": {"embedding_learning_rate": -3.039852400216413, "embedding_size": 8.6286358049177}, "datetime": {"datetime": "2022-06-29 17:03:16", "elapsed": 33170.876115, "delta": 1613.193063}}
