{"target": 0.5884499962329864, "params": {"dim_hidden_a2c": 8.553774884636523, "dim_hidden_lstm": 8.21767259859688, "entropy_error_coef": 0.16953369756762732, "lstm_learning_rate": -3.0451869096518003, "value_error_coef": 0.6716869637144854}, "datetime": {"datetime": "2022-07-07 05:34:22", "elapsed": 20109.563563, "delta": 625.811995}}
{"target": 0.2865500056743622, "params": {"dim_hidden_a2c": 8.147039868518117, "dim_hidden_lstm": 5.367151108374834, "entropy_error_coef": 0.36645729795764753, "lstm_learning_rate": -3.914548570045304, "value_error_coef": 0.49278088624160615}, "datetime": {"datetime": "2022-07-07 05:40:38", "elapsed": 20485.662366, "delta": 376.098803}}
{"target": 0.2823749869465828, "params": {"dim_hidden_a2c": 6.378661224729183, "dim_hidden_lstm": 8.472681121751906, "entropy_error_coef": 0.029527971615783275, "lstm_learning_rate": -2.1107601066106074, "value_error_coef": 0.0}, "datetime": {"datetime": "2022-07-07 05:55:48", "elapsed": 21395.433624, "delta": 909.771258}}
{"target": 0.2937750052213669, "params": {"dim_hidden_a2c": 8.933804898240908, "dim_hidden_lstm": 5.35196316970607, "entropy_error_coef": 0.027792299735581893, "lstm_learning_rate": -3.915376488611349, "value_error_coef": 0.7182323181883574}, "datetime": {"datetime": "2022-07-07 06:02:08", "elapsed": 21775.048285, "delta": 379.614661}}
{"target": 0.2843500044345856, "params": {"dim_hidden_a2c": 5.4712865668806785, "dim_hidden_lstm": 8.440198244113013, "entropy_error_coef": 0.11698607048025261, "lstm_learning_rate": -2.3164105310510146, "value_error_coef": 0.5208390544931998}, "datetime": {"datetime": "2022-07-07 06:12:55", "elapsed": 22422.086495, "delta": 647.03821}}
{"target": 0.2843500044345856, "params": {"dim_hidden_a2c": 5.4712865668806785, "dim_hidden_lstm": 8.440198244113013, "entropy_error_coef": 0.11698607048025261, "lstm_learning_rate": -2.3164105310510146, "value_error_coef": 0.5208390544931998}, "datetime": {"datetime": "2022-07-09 23:39:01", "elapsed": 0.0, "delta": 0.0}}
{"target": 0.2843500044345856, "params": {"dim_hidden_a2c": 5.4712865668806785, "dim_hidden_lstm": 8.440198244113013, "entropy_error_coef": 0.11698607048025261, "lstm_learning_rate": -2.3164105310510146, "value_error_coef": 0.5208390544931998}, "datetime": {"datetime": "2022-07-09 23:39:01", "elapsed": 0.001, "delta": 0.001}}
{"target": 0.2843500044345856, "params": {"dim_hidden_a2c": 5.4712865668806785, "dim_hidden_lstm": 8.440198244113013, "entropy_error_coef": 0.11698607048025261, "lstm_learning_rate": -2.3164105310510146, "value_error_coef": 0.5208390544931998}, "datetime": {"datetime": "2022-07-09 23:39:01", "elapsed": 0.001998, "delta": 0.000998}}
{"target": 0.2843500044345856, "params": {"dim_hidden_a2c": 5.4712865668806785, "dim_hidden_lstm": 8.440198244113013, "entropy_error_coef": 0.11698607048025261, "lstm_learning_rate": -2.3164105310510146, "value_error_coef": 0.5208390544931998}, "datetime": {"datetime": "2022-07-09 23:39:01", "elapsed": 0.002998, "delta": 0.001}}
{"target": 0.2843500044345856, "params": {"dim_hidden_a2c": 5.4712865668806785, "dim_hidden_lstm": 8.440198244113013, "entropy_error_coef": 0.11698607048025261, "lstm_learning_rate": -2.3164105310510146, "value_error_coef": 0.5208390544931998}, "datetime": {"datetime": "2022-07-09 23:39:01", "elapsed": 0.002998, "delta": 0.0}}
{"target": 0.2843500044345856, "params": {"dim_hidden_a2c": 5.4712865668806785, "dim_hidden_lstm": 8.440198244113013, "entropy_error_coef": 0.11698607048025261, "lstm_learning_rate": -2.3164105310510146, "value_error_coef": 0.5208390544931998}, "datetime": {"datetime": "2022-07-09 23:39:01", "elapsed": 0.003997, "delta": 0.000999}}
{"target": 0.2843500044345856, "params": {"dim_hidden_a2c": 5.4712865668806785, "dim_hidden_lstm": 8.440198244113013, "entropy_error_coef": 0.11698607048025261, "lstm_learning_rate": -2.3164105310510146, "value_error_coef": 0.5208390544931998}, "datetime": {"datetime": "2022-07-09 23:39:01", "elapsed": 0.003997, "delta": 0.0}}
{"target": 0.2843500044345856, "params": {"dim_hidden_a2c": 5.4712865668806785, "dim_hidden_lstm": 8.440198244113013, "entropy_error_coef": 0.11698607048025261, "lstm_learning_rate": -2.3164105310510146, "value_error_coef": 0.5208390544931998}, "datetime": {"datetime": "2022-07-09 23:39:01", "elapsed": 0.004998, "delta": 0.001001}}
{"target": 0.2843500044345856, "params": {"dim_hidden_a2c": 5.4712865668806785, "dim_hidden_lstm": 8.440198244113013, "entropy_error_coef": 0.11698607048025261, "lstm_learning_rate": -2.3164105310510146, "value_error_coef": 0.5208390544931998}, "datetime": {"datetime": "2022-07-09 23:39:01", "elapsed": 0.004998, "delta": 0.0}}
{"target": 0.2843500044345856, "params": {"dim_hidden_a2c": 5.4712865668806785, "dim_hidden_lstm": 8.440198244113013, "entropy_error_coef": 0.11698607048025261, "lstm_learning_rate": -2.3164105310510146, "value_error_coef": 0.5208390544931998}, "datetime": {"datetime": "2022-07-09 23:39:01", "elapsed": 0.005997, "delta": 0.000999}}
{"target": 0.2843500044345856, "params": {"dim_hidden_a2c": 5.4712865668806785, "dim_hidden_lstm": 8.440198244113013, "entropy_error_coef": 0.11698607048025261, "lstm_learning_rate": -2.3164105310510146, "value_error_coef": 0.5208390544931998}, "datetime": {"datetime": "2022-07-09 23:39:01", "elapsed": 0.005997, "delta": 0.0}}
{"target": 0.2843500044345856, "params": {"dim_hidden_a2c": 5.4712865668806785, "dim_hidden_lstm": 8.440198244113013, "entropy_error_coef": 0.11698607048025261, "lstm_learning_rate": -2.3164105310510146, "value_error_coef": 0.5208390544931998}, "datetime": {"datetime": "2022-07-09 23:39:01", "elapsed": 0.006997, "delta": 0.001}}
{"target": 0.2843500044345856, "params": {"dim_hidden_a2c": 5.4712865668806785, "dim_hidden_lstm": 8.440198244113013, "entropy_error_coef": 0.11698607048025261, "lstm_learning_rate": -2.3164105310510146, "value_error_coef": 0.5208390544931998}, "datetime": {"datetime": "2022-07-09 23:39:01", "elapsed": 0.007996, "delta": 0.000999}}
{"target": 0.2843500044345856, "params": {"dim_hidden_a2c": 5.4712865668806785, "dim_hidden_lstm": 8.440198244113013, "entropy_error_coef": 0.11698607048025261, "lstm_learning_rate": -2.3164105310510146, "value_error_coef": 0.5208390544931998}, "datetime": {"datetime": "2022-07-09 23:39:01", "elapsed": 0.007996, "delta": 0.0}}
{"target": 0.2843500044345856, "params": {"dim_hidden_a2c": 5.4712865668806785, "dim_hidden_lstm": 8.440198244113013, "entropy_error_coef": 0.11698607048025261, "lstm_learning_rate": -2.3164105310510146, "value_error_coef": 0.5208390544931998}, "datetime": {"datetime": "2022-07-09 23:39:01", "elapsed": 0.008995, "delta": 0.000999}}
{"target": 0.2843500044345856, "params": {"dim_hidden_a2c": 5.4712865668806785, "dim_hidden_lstm": 8.440198244113013, "entropy_error_coef": 0.11698607048025261, "lstm_learning_rate": -2.3164105310510146, "value_error_coef": 0.5208390544931998}, "datetime": {"datetime": "2022-07-09 23:39:01", "elapsed": 0.008995, "delta": 0.0}}
{"target": 0.30922500598430636, "params": {"dim_hidden_a2c": 8.533224364823239, "dim_hidden_lstm": 7.4946888282224355, "entropy_error_coef": 0.3754712170136686, "lstm_learning_rate": -3.9533049740664725, "value_error_coef": 0.20244591882376956}, "datetime": {"datetime": "2022-07-09 23:45:06", "elapsed": 364.430838, "delta": 364.421843}}
{"target": 0.4141500061750412, "params": {"dim_hidden_a2c": 8.583544872784268, "dim_hidden_lstm": 6.71236475948518, "entropy_error_coef": 0.4824200235741928, "lstm_learning_rate": -3.0096755065446557, "value_error_coef": 0.46627179015684134}, "datetime": {"datetime": "2022-07-09 23:51:24", "elapsed": 742.603977, "delta": 378.173139}}
{"target": 0.34892500203847887, "params": {"dim_hidden_a2c": 5.458983891813501, "dim_hidden_lstm": 8.797957034828285, "entropy_error_coef": 0.22495606673997026, "lstm_learning_rate": -3.264831156838605, "value_error_coef": 0.30610260207096085}, "datetime": {"datetime": "2022-07-10 00:06:26", "elapsed": 1644.221825, "delta": 901.617848}}
{"target": 0.2788250054717064, "params": {"dim_hidden_a2c": 5.948107920972111, "dim_hidden_lstm": 8.613518082249016, "entropy_error_coef": 0.2868397433361429, "lstm_learning_rate": -4.991389018906523, "value_error_coef": 0.4628586852155429}, "datetime": {"datetime": "2022-07-10 00:17:34", "elapsed": 2312.908117, "delta": 668.686292}}
{"target": 0.5702499982118606, "params": {"dim_hidden_a2c": 8.190772310212488, "dim_hidden_lstm": 8.464174911880278, "entropy_error_coef": 0.0, "lstm_learning_rate": -2.782025352500944, "value_error_coef": 0.7381505361056426}, "datetime": {"datetime": "2022-07-10 00:27:57", "elapsed": 2935.256218, "delta": 622.348101}}
{"target": 0.5145500001907348, "params": {"dim_hidden_a2c": 6.199594531448193, "dim_hidden_lstm": 6.833850879896882, "entropy_error_coef": 0.29306887734316484, "lstm_learning_rate": -2.770736961792505, "value_error_coef": 0.355648189002444}, "datetime": {"datetime": "2022-07-10 00:33:23", "elapsed": 3261.764869, "delta": 326.508651}}
{"target": 0.6140249975919724, "params": {"dim_hidden_a2c": 7.175444060813544, "dim_hidden_lstm": 5.375099619569539, "entropy_error_coef": 0.10630154011851146, "lstm_learning_rate": -2.937081369913435, "value_error_coef": 0.47850520362583515}, "datetime": {"datetime": "2022-07-10 00:38:33", "elapsed": 3571.762795, "delta": 309.997926}}
{"target": 0.42152500367164614, "params": {"dim_hidden_a2c": 6.56391116791889, "dim_hidden_lstm": 8.704223092805234, "entropy_error_coef": 0.42469275300826725, "lstm_learning_rate": -3.2353267015409295, "value_error_coef": 0.16693357894595243}, "datetime": {"datetime": "2022-07-10 00:50:32", "elapsed": 4290.666037, "delta": 718.903242}}
{"target": 0.5979249978065491, "params": {"dim_hidden_a2c": 8.78429578598593, "dim_hidden_lstm": 6.138470918682447, "entropy_error_coef": 0.16020437126314507, "lstm_learning_rate": -2.5466012757487024, "value_error_coef": 0.46714294073631935}, "datetime": {"datetime": "2022-07-10 00:56:02", "elapsed": 4620.48063, "delta": 329.814593}}
{"target": 0.2840750057697296, "params": {"dim_hidden_a2c": 5.9395542651764295, "dim_hidden_lstm": 5.554214766495576, "entropy_error_coef": 0.4420597687919441, "lstm_learning_rate": -4.978286885085833, "value_error_coef": 0.5619366674382226}, "datetime": {"datetime": "2022-07-10 01:01:07", "elapsed": 4925.99499, "delta": 305.51436}}
{"target": 0.5895749987363815, "params": {"dim_hidden_a2c": 8.78750317077086, "dim_hidden_lstm": 6.067828604453448, "entropy_error_coef": 0.18411929530274718, "lstm_learning_rate": -2.517453941636511, "value_error_coef": 0.47209486775945364}, "datetime": {"datetime": "2022-07-10 01:06:37", "elapsed": 5255.484688, "delta": 329.489698}}
{"target": 0.6179749981164933, "params": {"dim_hidden_a2c": 7.092836472282676, "dim_hidden_lstm": 5.389767477101566, "entropy_error_coef": 0.05110388646894126, "lstm_learning_rate": -2.914869893934023, "value_error_coef": 0.5623340415903827}, "datetime": {"datetime": "2022-07-10 01:11:46", "elapsed": 5564.995824, "delta": 309.511136}}
{"target": 0.6296749968528748, "params": {"dim_hidden_a2c": 7.086035119855566, "dim_hidden_lstm": 5.334747136740035, "entropy_error_coef": 0.07878796605955642, "lstm_learning_rate": -2.9184177408616425, "value_error_coef": 0.4818711968920385}, "datetime": {"datetime": "2022-07-10 01:16:57", "elapsed": 5875.973437, "delta": 310.977613}}
{"target": 0.29052500653266905, "params": {"dim_hidden_a2c": 9.0, "dim_hidden_lstm": 7.529435813637884, "entropy_error_coef": 0.5, "lstm_learning_rate": -2.0, "value_error_coef": 0.75}, "datetime": {"datetime": "2022-07-10 01:22:56", "elapsed": 6234.899727, "delta": 358.92629}}
{"target": 0.6141749930381775, "params": {"dim_hidden_a2c": 7.992939432282241, "dim_hidden_lstm": 5.4701721396454355, "entropy_error_coef": 0.0003292063455290837, "lstm_learning_rate": -2.5739128997298346, "value_error_coef": 0.4258447682488502}, "datetime": {"datetime": "2022-07-10 01:28:10", "elapsed": 6548.686442, "delta": 313.786715}}
{"target": 0.2948500071167946, "params": {"dim_hidden_a2c": 9.0, "dim_hidden_lstm": 9.0, "entropy_error_coef": 0.5, "lstm_learning_rate": -2.0, "value_error_coef": 0.75}, "datetime": {"datetime": "2022-07-10 01:45:28", "elapsed": 7587.000606, "delta": 1038.314164}}
{"target": 0.6387499947547912, "params": {"dim_hidden_a2c": 8.883861017090963, "dim_hidden_lstm": 6.090339569591153, "entropy_error_coef": 0.10466747023499269, "lstm_learning_rate": -2.5464349346615447, "value_error_coef": 0.5081722209970808}, "datetime": {"datetime": "2022-07-10 01:51:01", "elapsed": 7919.486348, "delta": 332.485742}}
{"target": 0.5272499990463256, "params": {"dim_hidden_a2c": 7.6658040104188245, "dim_hidden_lstm": 7.104956155608431, "entropy_error_coef": 0.21126163592806488, "lstm_learning_rate": -3.281017661594517, "value_error_coef": 0.24373587665362811}, "datetime": {"datetime": "2022-07-10 01:56:42", "elapsed": 8260.820261, "delta": 341.333913}}
{"target": 0.6242999973297119, "params": {"dim_hidden_a2c": 8.50837336877756, "dim_hidden_lstm": 5.5386651364208035, "entropy_error_coef": 0.06058663909422847, "lstm_learning_rate": -2.573200545499797, "value_error_coef": 0.33880852949733153}, "datetime": {"datetime": "2022-07-10 02:01:59", "elapsed": 8577.255129, "delta": 316.434868}}
{"target": 0.6223249945640564, "params": {"dim_hidden_a2c": 8.066658069087048, "dim_hidden_lstm": 5.506716923699626, "entropy_error_coef": 0.01339999302422699, "lstm_learning_rate": -2.584082752619405, "value_error_coef": 0.3322821518795333}, "datetime": {"datetime": "2022-07-10 02:07:18", "elapsed": 8896.447119, "delta": 319.19199}}
{"target": 0.40507500648498534, "params": {"dim_hidden_a2c": 8.716996114450042, "dim_hidden_lstm": 7.075224611971419, "entropy_error_coef": 0.3546802818463718, "lstm_learning_rate": -2.0704448300922085, "value_error_coef": 0.4199361072556793}, "datetime": {"datetime": "2022-07-10 02:13:03", "elapsed": 9241.3169, "delta": 344.869781}}
{"target": 0.607999995470047, "params": {"dim_hidden_a2c": 8.554460951243762, "dim_hidden_lstm": 5.547145866545694, "entropy_error_coef": 0.020870701101005307, "lstm_learning_rate": -2.6415673077796273, "value_error_coef": 0.20498667245903657}, "datetime": {"datetime": "2022-07-10 02:18:20", "elapsed": 9559.133328, "delta": 317.816428}}
{"target": 0.5429250024557114, "params": {"dim_hidden_a2c": 7.589792699450111, "dim_hidden_lstm": 6.996992352464316, "entropy_error_coef": 0.1948111777318902, "lstm_learning_rate": -3.3540059522284773, "value_error_coef": 0.21489492365757404}, "datetime": {"datetime": "2022-07-10 02:23:57", "elapsed": 9895.697763, "delta": 336.564435}}
{"target": 0.6028249928951264, "params": {"dim_hidden_a2c": 8.014470658290707, "dim_hidden_lstm": 5.490842050863296, "entropy_error_coef": 0.006935465338441164, "lstm_learning_rate": -2.7002339821047903, "value_error_coef": 0.3748641120832708}, "datetime": {"datetime": "2022-07-10 02:29:10", "elapsed": 10208.789701, "delta": 313.091938}}
{"target": 0.28215000659227374, "params": {"dim_hidden_a2c": 5.187932938193544, "dim_hidden_lstm": 5.973686788002912, "entropy_error_coef": 0.2318125521273261, "lstm_learning_rate": -3.8391324081533713, "value_error_coef": 0.7460904591743613}, "datetime": {"datetime": "2022-07-10 02:34:21", "elapsed": 10519.618362, "delta": 310.828661}}
{"target": 0.598049996137619, "params": {"dim_hidden_a2c": 6.940615983605691, "dim_hidden_lstm": 5.241181018218498, "entropy_error_coef": 0.05767747243793971, "lstm_learning_rate": -2.901965645917993, "value_error_coef": 0.4357324365523072}, "datetime": {"datetime": "2022-07-10 02:39:19", "elapsed": 10817.482167, "delta": 297.863805}}
{"target": 0.6157249999046326, "params": {"dim_hidden_a2c": 7.003898506898635, "dim_hidden_lstm": 5.186778809674058, "entropy_error_coef": 0.11340277994865276, "lstm_learning_rate": -2.9063646588317575, "value_error_coef": 0.3166127411380131}, "datetime": {"datetime": "2022-07-10 02:44:19", "elapsed": 11117.903154, "delta": 300.420987}}
{"target": 0.4184250018596649, "params": {"dim_hidden_a2c": 6.698222116537089, "dim_hidden_lstm": 8.720530779269447, "entropy_error_coef": 0.42884485844037895, "lstm_learning_rate": -3.1672176300911974, "value_error_coef": 0.19908034998426175}, "datetime": {"datetime": "2022-07-10 02:56:24", "elapsed": 11842.442595, "delta": 724.539441}}
{"target": 0.613049998998642, "params": {"dim_hidden_a2c": 8.885046445739484, "dim_hidden_lstm": 6.034760811116124, "entropy_error_coef": 0.1300392894139349, "lstm_learning_rate": -2.6129214309057542, "value_error_coef": 0.405396353758119}, "datetime": {"datetime": "2022-07-10 03:01:53", "elapsed": 12171.367473, "delta": 328.924878}}
{"target": 0.4345499999523163, "params": {"dim_hidden_a2c": 8.530338494556846, "dim_hidden_lstm": 7.649212823762735, "entropy_error_coef": 0.41896499478842136, "lstm_learning_rate": -2.9440571112945064, "value_error_coef": 0.6876118310133539}, "datetime": {"datetime": "2022-07-10 03:07:52", "elapsed": 12530.819593, "delta": 359.45212}}
{"target": 0.6093249975442886, "params": {"dim_hidden_a2c": 7.065042421068266, "dim_hidden_lstm": 5.39386057107705, "entropy_error_coef": 0.11366612121073413, "lstm_learning_rate": -3.024423116194128, "value_error_coef": 0.5037714644573628}, "datetime": {"datetime": "2022-07-10 03:13:03", "elapsed": 12841.317361, "delta": 310.497768}}
{"target": 0.5844750007390976, "params": {"dim_hidden_a2c": 7.030198142755168, "dim_hidden_lstm": 5.262228879557667, "entropy_error_coef": 0.17768527595835315, "lstm_learning_rate": -2.9784031131953594, "value_error_coef": 0.42479396175000095}, "datetime": {"datetime": "2022-07-10 03:18:14", "elapsed": 13152.766825, "delta": 311.449464}}
{"target": 0.594974995136261, "params": {"dim_hidden_a2c": 7.999550475039551, "dim_hidden_lstm": 5.596721527175285, "entropy_error_coef": 0.05724448816977836, "lstm_learning_rate": -2.607652947087981, "value_error_coef": 0.40041074095479423}, "datetime": {"datetime": "2022-07-10 03:23:29", "elapsed": 13467.323991, "delta": 314.557166}}
{"target": 0.6139249981641769, "params": {"dim_hidden_a2c": 7.1257526004025955, "dim_hidden_lstm": 5.358083970269929, "entropy_error_coef": 0.12182158237712454, "lstm_learning_rate": -2.828909284234375, "value_error_coef": 0.38951816306516596}, "datetime": {"datetime": "2022-07-10 03:28:38", "elapsed": 13777.00002, "delta": 309.676029}}
{"target": 0.623624994635582, "params": {"dim_hidden_a2c": 6.9224938332062615, "dim_hidden_lstm": 5.192733433649863, "entropy_error_coef": 0.09365800233038285, "lstm_learning_rate": -2.7821233799174796, "value_error_coef": 0.47148921758997464}, "datetime": {"datetime": "2022-07-10 03:33:36", "elapsed": 14074.436961, "delta": 297.436941}}
{"target": 0.610774996638298, "params": {"dim_hidden_a2c": 7.031566838234419, "dim_hidden_lstm": 5.290838395282376, "entropy_error_coef": 0.12905174708037165, "lstm_learning_rate": -2.780093802690607, "value_error_coef": 0.4449057676680477}, "datetime": {"datetime": "2022-07-10 03:38:44", "elapsed": 14382.521499, "delta": 308.084538}}
{"target": 0.5827999992370605, "params": {"dim_hidden_a2c": 7.052059965842172, "dim_hidden_lstm": 5.4232381867667625, "entropy_error_coef": 0.1849104888785832, "lstm_learning_rate": -2.88010570485791, "value_error_coef": 0.4964332293122376}, "datetime": {"datetime": "2022-07-10 03:43:55", "elapsed": 14693.982958, "delta": 311.461459}}
{"target": 0.6203999967575073, "params": {"dim_hidden_a2c": 8.828400002329374, "dim_hidden_lstm": 6.069671736955593, "entropy_error_coef": 0.02504854857071571, "lstm_learning_rate": -2.5120965598939193, "value_error_coef": 0.40797483332152745}, "datetime": {"datetime": "2022-07-10 03:49:26", "elapsed": 15024.800231, "delta": 330.817273}}
{"target": 0.6181999974250794, "params": {"dim_hidden_a2c": 6.959356345376715, "dim_hidden_lstm": 5.336803423157578, "entropy_error_coef": 0.12776236833046428, "lstm_learning_rate": -2.903011042399814, "value_error_coef": 0.25896566904590373}, "datetime": {"datetime": "2022-07-10 03:54:34", "elapsed": 15332.795891, "delta": 307.99566}}
{"target": 0.6319999959468842, "params": {"dim_hidden_a2c": 6.911838568597657, "dim_hidden_lstm": 5.383444611171974, "entropy_error_coef": 0.003877173725610583, "lstm_learning_rate": -2.7771083806140795, "value_error_coef": 0.39402578577196623}, "datetime": {"datetime": "2022-07-10 03:59:41", "elapsed": 15639.950727, "delta": 307.154836}}
{"target": 0.4478500032424927, "params": {"dim_hidden_a2c": 8.116492328158142, "dim_hidden_lstm": 7.117328461325433, "entropy_error_coef": 0.4094180692509607, "lstm_learning_rate": -2.3218702031099014, "value_error_coef": 0.24455535545027787}, "datetime": {"datetime": "2022-07-10 04:05:24", "elapsed": 15982.88013, "delta": 342.929403}}
{"target": 0.6192499933242798, "params": {"dim_hidden_a2c": 7.106730332520328, "dim_hidden_lstm": 5.4451921333499, "entropy_error_coef": 0.017865608504822272, "lstm_learning_rate": -2.8779558345353475, "value_error_coef": 0.40709393428685986}, "datetime": {"datetime": "2022-07-10 04:10:35", "elapsed": 16293.577847, "delta": 310.697717}}
{"target": 0.28477500754594803, "params": {"dim_hidden_a2c": 6.87081388794842, "dim_hidden_lstm": 7.222811069514087, "entropy_error_coef": 0.34720090670687004, "lstm_learning_rate": -4.570332376262562, "value_error_coef": 0.363867866245989}, "datetime": {"datetime": "2022-07-10 04:16:13", "elapsed": 16631.277903, "delta": 337.700056}}
{"target": 0.6397249970436096, "params": {"dim_hidden_a2c": 6.90943276631533, "dim_hidden_lstm": 5.301511057401676, "entropy_error_coef": 0.06405478801217102, "lstm_learning_rate": -2.668129250840127, "value_error_coef": 0.33485282156612406}, "datetime": {"datetime": "2022-07-10 04:21:18", "elapsed": 16936.999196, "delta": 305.721293}}
