{"target": 0.5213749989271164, "params": {"dim_hidden_a2c": 8.821480484837771, "dim_hidden_lstm": 8.07250180854506, "entropy_error_coef": 0.2550121126356055, "lstm_learning_rate": -2.561828099026853, "value_error_coef": 0.5765066299289547}, "datetime": {"datetime": "2022-07-10 04:29:58", "elapsed": 17456.777078, "delta": 519.777882}}
{"target": 0.35247500467300413, "params": {"dim_hidden_a2c": 8.31490057102662, "dim_hidden_lstm": 6.478459321706252, "entropy_error_coef": 0.40125823434897395, "lstm_learning_rate": -3.6559268889750705, "value_error_coef": 0.29717561450144936}, "datetime": {"datetime": "2022-07-10 04:35:31", "elapsed": 17789.75666, "delta": 332.979582}}
{"target": 0.5989999955892563, "params": {"dim_hidden_a2c": 6.977984923698478, "dim_hidden_lstm": 5.262335476617415, "entropy_error_coef": 0.010367115740120504, "lstm_learning_rate": -2.790987874679989, "value_error_coef": 0.3039812890695714}, "datetime": {"datetime": "2022-07-10 04:40:29", "elapsed": 18087.280575, "delta": 297.523915}}
{"target": 0.5975499930381775, "params": {"dim_hidden_a2c": 6.860632727227458, "dim_hidden_lstm": 5.253572971860303, "entropy_error_coef": 0.0995002591114269, "lstm_learning_rate": -2.85932855817911, "value_error_coef": 0.3838763022677475}, "datetime": {"datetime": "2022-07-10 04:45:27", "elapsed": 18385.722194, "delta": 298.441619}}
{"target": 0.5307249976396561, "params": {"dim_hidden_a2c": 8.174240466294437, "dim_hidden_lstm": 8.695617016541817, "entropy_error_coef": 0.09694091435154496, "lstm_learning_rate": -2.8604857399120074, "value_error_coef": 0.6999033702858077}, "datetime": {"datetime": "2022-07-10 04:57:40", "elapsed": 19118.592972, "delta": 732.870778}}
{"target": 0.5722500019073486, "params": {"dim_hidden_a2c": 6.945665298082599, "dim_hidden_lstm": 5.23860040770699, "entropy_error_coef": 0.19847770768926262, "lstm_learning_rate": -2.7515675769372843, "value_error_coef": 0.2937802027731074}, "datetime": {"datetime": "2022-07-10 05:02:36", "elapsed": 19414.375443, "delta": 295.782471}}
{"target": 0.6150999958515168, "params": {"dim_hidden_a2c": 8.481469362759414, "dim_hidden_lstm": 5.408653586275361, "entropy_error_coef": 0.11425085552226039, "lstm_learning_rate": -2.580090436290471, "value_error_coef": 0.17029797908372565}, "datetime": {"datetime": "2022-07-10 05:07:51", "elapsed": 19729.523724, "delta": 315.148281}}
{"target": 0.6311749957799911, "params": {"dim_hidden_a2c": 6.949788399992965, "dim_hidden_lstm": 5.46168360220232, "entropy_error_coef": 0.05757763589938356, "lstm_learning_rate": -2.9491893554895268, "value_error_coef": 0.37747782161269605}, "datetime": {"datetime": "2022-07-10 05:12:58", "elapsed": 20036.797521, "delta": 307.273797}}
{"target": 0.6298749947547913, "params": {"dim_hidden_a2c": 8.519898648813598, "dim_hidden_lstm": 5.509490566692516, "entropy_error_coef": 0.020161562226057916, "lstm_learning_rate": -2.4596632347165737, "value_error_coef": 0.21769060829706582}, "datetime": {"datetime": "2022-07-10 05:18:17", "elapsed": 20355.811566, "delta": 319.014045}}
{"target": 0.6295999952554703, "params": {"dim_hidden_a2c": 6.975049965474664, "dim_hidden_lstm": 5.463618947640762, "entropy_error_coef": 0.11043486196702285, "lstm_learning_rate": -2.7562896817577873, "value_error_coef": 0.30817699297812406}, "datetime": {"datetime": "2022-07-10 05:23:25", "elapsed": 20663.634188, "delta": 307.822622}}
{"target": 0.5871249988079071, "params": {"dim_hidden_a2c": 8.494382155885528, "dim_hidden_lstm": 5.581194212111888, "entropy_error_coef": 0.16539086295562852, "lstm_learning_rate": -2.529265418855071, "value_error_coef": 0.20422773189023133}, "datetime": {"datetime": "2022-07-10 05:28:42", "elapsed": 20980.195015, "delta": 316.560827}}
{"target": 0.5922499977350235, "params": {"dim_hidden_a2c": 7.081803152556453, "dim_hidden_lstm": 5.360692090076484, "entropy_error_coef": 0.033284682439486575, "lstm_learning_rate": -3.022400104213693, "value_error_coef": 0.30475101054701675}, "datetime": {"datetime": "2022-07-10 05:33:52", "elapsed": 21290.979691, "delta": 310.784676}}
{"target": 0.6035499948263169, "params": {"dim_hidden_a2c": 8.341028025420595, "dim_hidden_lstm": 5.487871371765693, "entropy_error_coef": 0.011134124350291257, "lstm_learning_rate": -2.5535173692465394, "value_error_coef": 0.23603404749248952}, "datetime": {"datetime": "2022-07-10 05:39:05", "elapsed": 21603.809711, "delta": 312.83002}}
{"target": 0.5666499965190888, "params": {"dim_hidden_a2c": 8.543320909344033, "dim_hidden_lstm": 5.37261735836172, "entropy_error_coef": 0.0, "lstm_learning_rate": -2.5550807635058397, "value_error_coef": 0.30164852867736125}, "datetime": {"datetime": "2022-07-10 05:44:22", "elapsed": 21920.931765, "delta": 317.122054}}
{"target": 0.6244499937295914, "params": {"dim_hidden_a2c": 8.860480372569203, "dim_hidden_lstm": 6.132886794703042, "entropy_error_coef": 0.0, "lstm_learning_rate": -2.695997008889326, "value_error_coef": 0.4930582591880665}, "datetime": {"datetime": "2022-07-10 05:49:55", "elapsed": 22253.80838, "delta": 332.876615}}
{"target": 0.6184249979257583, "params": {"dim_hidden_a2c": 7.029720986134468, "dim_hidden_lstm": 5.409878783804373, "entropy_error_coef": 0.024464401802132406, "lstm_learning_rate": -2.631821953941454, "value_error_coef": 0.42657413684742906}, "datetime": {"datetime": "2022-07-10 05:55:06", "elapsed": 22564.440102, "delta": 310.631722}}
{"target": 0.6195499968528747, "params": {"dim_hidden_a2c": 8.765920206195384, "dim_hidden_lstm": 5.978054421887344, "entropy_error_coef": 0.025937834522199155, "lstm_learning_rate": -2.647856850808171, "value_error_coef": 0.5491537759999354}, "datetime": {"datetime": "2022-07-10 06:00:32", "elapsed": 22890.653846, "delta": 326.213744}}
{"target": 0.4294750055074692, "params": {"dim_hidden_a2c": 8.680345230976805, "dim_hidden_lstm": 7.525657451369224, "entropy_error_coef": 0.4102504892894091, "lstm_learning_rate": -2.2282997700541314, "value_error_coef": 0.2510220640895}, "datetime": {"datetime": "2022-07-10 06:06:27", "elapsed": 23245.670387, "delta": 355.016541}}
{"target": 0.5581749975681305, "params": {"dim_hidden_a2c": 6.8709881073542105, "dim_hidden_lstm": 5.473198916245456, "entropy_error_coef": 0.0, "lstm_learning_rate": -2.614788287817216, "value_error_coef": 0.3068061324040362}, "datetime": {"datetime": "2022-07-10 06:11:35", "elapsed": 23553.366047, "delta": 307.69566}}
{"target": 0.5958499932289123, "params": {"dim_hidden_a2c": 8.251819529931403, "dim_hidden_lstm": 5.460230528938393, "entropy_error_coef": 0.03847784022619728, "lstm_learning_rate": -2.49452250708892, "value_error_coef": 0.46614327056087274}, "datetime": {"datetime": "2022-07-10 06:16:50", "elapsed": 23868.846222, "delta": 315.480175}}
