{"target": 0.1890480000000001,"params": {"dim_hidden_a2c": 8.492976777701108,"dim_hidden_lstm": 7.179425597794003,"entropy_error_coef": 0.06526811936609955,"lstm_learning_rate": -3.1330933661544993,"value_error_coef": 0.40681007049253626},"datetime": {"datetime": "2022-06-23 07:23:34","elapsed": 0.0,"delta": 0.0}}
{"target": 0.1869,"params": {"dim_hidden_a2c": 7.970393537914677,"dim_hidden_lstm": 7.595443984589479,"entropy_error_coef": 0.2859,"lstm_learning_rate": -2.519418213170831,"value_error_coef": 0.1468},"datetime": {"datetime": "2022-06-24 16:46:43","elapsed": 0.0,"delta": 0.0}}
{"target": 0.187,"params": {"dim_hidden_a2c": 6.719731056749852,"dim_hidden_lstm": 6.203984165855989,"entropy_error_coef": 0.08639,"lstm_learning_rate": -2.401428336517859,"value_error_coef": 0.5388},"datetime": {"datetime": "2022-06-24 16:46:43","elapsed": 0.000998,"delta": 0.000998}}
{"target": 0.1784,"params": {"dim_hidden_a2c": 7.976134472831655,"dim_hidden_lstm": 7.535275376620803,"entropy_error_coef": 0.05111, "lstm_learning_rate": -2.0564560228465454,"value_error_coef": 0.02739},"datetime": {"datetime": "2022-06-24 16:46:43","elapsed": 0.000998,"delta": 0.0}}
{"target": 0.2878,"params": {"dim_hidden_a2c": 8.509379148914688,"dim_hidden_lstm": 6.971543553950772,"entropy_error_coef": 0.1397,"lstm_learning_rate": -2.8523236757589014,"value_error_coef": 0.1981},"datetime": {"datetime": "2022-06-24 16:46:43","elapsed": 0.001999,"delta": 0.001001}}
{"target": 0.184, "params": {"dim_hidden_a2c": 8.72349030214343,"dim_hidden_lstm": 7.959422420093674,"entropy_error_coef": 0.07836,"lstm_learning_rate": -2.159642940796644, "value_error_coef": 0.8764},"datetime": {"datetime": "2022-06-24 16:46:43","elapsed": 0.001999, "delta": 0.0}}
{"target": 0.1967, "params": {"dim_hidden_a2c": 8.507001732764124,"dim_hidden_lstm": 6.962317654942308,"entropy_error_coef": 0.1183,"lstm_learning_rate": -2.47729500726525,"value_error_coef": 0.0559},"datetime": {"datetime": "2022-06-24 16:46:43","elapsed": 0.002999,"delta": 0.001}}
{"target": 0.1785413333333334,"params": {"dim_hidden_a2c": 7.970542275711223,"dim_hidden_lstm": 7.595090999802308,"entropy_error_coef": 2.859370433622166e-05,"lstm_learning_rate": -4.0930022821044805,"value_error_coef": 0.14675589081711304},"datetime": {"datetime": "2022-06-24 17:53:59","elapsed": 4036.367885,"delta": 4036.364886}}
{"target": 0.1794506666666668,"params": {"dim_hidden_a2c": 6.719288742099458,"dim_hidden_lstm": 6.204028928407345,"entropy_error_coef": 0.08639018176076194,"lstm_learning_rate": -3.80969757730799,"value_error_coef": 0.538816734003357},"datetime": {"datetime": "2022-06-24 18:53:09","elapsed": 7586.800449,"delta": 3550.432564}}
{"target": 0.17880800000000013,"params": {"dim_hidden_a2c": 8.509258171883545,"dim_hidden_lstm": 6.971270803975987,"entropy_error_coef": 0.13967245711143791,"lstm_learning_rate": -4.578839184214298,"value_error_coef": 0.1981014890848788},"datetime": {"datetime": "2022-06-25 00:58:52","elapsed": 3690.115813,"delta": 3690.114795}}
{"target": 0.1900160000000001,"params": {"dim_hidden_a2c": 7.631937954129556,"dim_hidden_lstm": 7.073559441674648,"entropy_error_coef": 0.14653443867158242,"lstm_learning_rate": -2.770736961792505,"value_error_coef": 0.47419758533659195},"datetime": {"datetime": "2022-06-25 02:00:11","elapsed": 7368.79629,"delta": 3678.680477}}
{"target": 0.1881920000000001,"params": {"dim_hidden_a2c": 8.49979316564652,"dim_hidden_lstm": 6.9745063250036825,"entropy_error_coef": 0.10399705748487956,"lstm_learning_rate": -2.4802976731528377,"value_error_coef": 0.9003656997697922},"datetime": {"datetime": "2022-06-25 03:01:29","elapsed": 11046.485084,"delta": 3677.688794}}
{"target": 0.1849786666666668,"params": {"dim_hidden_a2c": 7.8950477155939875,"dim_hidden_lstm": 7.903089465945223,"entropy_error_coef": 0.21219179505158609,"lstm_learning_rate": -3.2403981549142262,"value_error_coef": 0.2193865132025623},"datetime": {"datetime": "2022-06-25 04:25:12","elapsed": 16070.044709,"delta": 5023.559625}}
{"target": 0.1782480388879776, "params": {"dim_hidden_a2c": 6.6680880188102964, "dim_hidden_lstm": 7.881297973768632, "entropy_error_coef": 2.859370433622166e-05, "lstm_learning_rate": -4.0930022821044805, "value_error_coef": 0.2880535344902678}, "datetime": {"datetime": "2022-06-26 01:36:29", "elapsed": 0.0, "delta": 0.0}}
{"target": 0.17824003654718398, "params": {"dim_hidden_a2c": 5.369354379075191, "dim_hidden_lstm": 5.745040845510683, "entropy_error_coef": 0.08639018176076194, "lstm_learning_rate": -3.80969757730799, "value_error_coef": 0.5232900404020142}, "datetime": {"datetime": "2022-06-26 02:14:30", "elapsed": 2281.085219, "delta": 2281.085219}}
{"target": 0.18116003441810608, "params": {"dim_hidden_a2c": 6.676778057613179, "dim_hidden_lstm": 7.740878001587038, "entropy_error_coef": 0.05111306243287936, "lstm_learning_rate": -2.3656476908271635, "value_error_coef": 0.2164325559187557}, "datetime": {"datetime": "2022-06-26 02:58:22", "elapsed": 4912.824101, "delta": 2631.738882}}
{"target": 0.17794003772735595, "params": {"dim_hidden_a2c": 7.6818700407136085, "dim_hidden_lstm": 6.669219209468508, "entropy_error_coef": 0.13967245711143791, "lstm_learning_rate": -4.578839184214298, "value_error_coef": 0.3188608934509273}, "datetime": {"datetime": "2022-06-26 03:39:10", "elapsed": 7361.263704, "delta": 2448.439603}}
{"target": 0.17935203766822816, "params": {"dim_hidden_a2c": 8.202978274702147, "dim_hidden_lstm": 8.87304630287759, "entropy_error_coef": 0.07835604453981071, "lstm_learning_rate": -2.9230321529920578, "value_error_coef": 0.725833491377623}, "datetime": {"datetime": "2022-06-26 05:00:28", "elapsed": 12239.041259, "delta": 4877.777555}}
{"target": 0.1782400391101837, "params": {"dim_hidden_a2c": 6.654323904378936, "dim_hidden_lstm": 7.763027151211742, "entropy_error_coef": 0.21805943261284874, "lstm_learning_rate": -2.5153356689886848, "value_error_coef": 0.35275659400137915}, "datetime": {"datetime": "2022-06-26 05:44:21", "elapsed": 14872.542242, "delta": 2633.500983}}
{"target": 0.17800003999471664, "params": {"dim_hidden_a2c": 6.199594531448193, "dim_hidden_lstm": 6.833850879896882, "entropy_error_coef": 0.14653443867158242, "lstm_learning_rate": -2.770736961792505, "value_error_coef": 0.48451855120195525}, "datetime": {"datetime": "2022-06-26 06:24:46", "elapsed": 17297.55835, "delta": 2425.016108}}
{"target": 0.17784803837537766, "params": {"dim_hidden_a2c": 7.9447152131094825, "dim_hidden_lstm": 7.761841345990051, "entropy_error_coef": 0.02396611274638938, "lstm_learning_rate": -2.976125929134344, "value_error_coef": 0.5911259392843736}, "datetime": {"datetime": "2022-06-26 07:09:41", "elapsed": 19991.829199, "delta": 2694.270849}}
{"target": 0.17794803839921952, "params": {"dim_hidden_a2c": 8.551677831526069, "dim_hidden_lstm": 7.0008255598905, "entropy_error_coef": 0.17626207440007627, "lstm_learning_rate": -2.812467769719148, "value_error_coef": 0.2}, "datetime": {"datetime": "2022-06-26 09:58:31", "elapsed": 2565.329157, "delta": 2565.329157}}
{"target": 0.17786403876543044, "params": {"dim_hidden_a2c": 6.203409826470614, "dim_hidden_lstm": 6.836802058948829, "entropy_error_coef": 0.146675400987776, "lstm_learning_rate": -2.7696869035323903, "value_error_coef": 0.4849483656751743}, "datetime": {"datetime": "2022-06-26 10:41:42", "elapsed": 5156.434428, "delta": 2591.105271}}