{"target": 0.27522500589489934, "params": {"dim_hidden_a2c": 6.251066014107722, "dim_hidden_lstm": 7.160973480326474, "entropy_error_coef": 2.859370433622166e-05, "lstm_learning_rate": -4.0930022821044805, "value_error_coef": 0.2880535344902678}, "datetime": {"datetime": "2022-06-25 17:35:19", "elapsed": 0.0, "delta": 0.0}}
{"target": 0.2765375055968761, "params": {"dim_hidden_a2c": 5.277015784306394, "dim_hidden_lstm": 5.558780634133012, "entropy_error_coef": 0.08639018176076194, "lstm_learning_rate": -3.80969757730799, "value_error_coef": 0.5232900404020142}, "datetime": {"datetime": "2022-06-25 17:48:48", "elapsed": 809.227733, "delta": 809.227733}}
{"target": 0.28327500459551813, "params": {"dim_hidden_a2c": 6.2575835432098845, "dim_hidden_lstm": 7.055658501190278, "entropy_error_coef": 0.05111306243287936, "lstm_learning_rate": -2.3656476908271635, "value_error_coef": 0.2164325559187557}, "datetime": {"datetime": "2022-06-25 18:03:44", "elapsed": 1704.381957, "delta": 895.154224}}
{"target": 0.2776125063300133, "params": {"dim_hidden_a2c": 7.011402530535207, "dim_hidden_lstm": 6.251914407101381, "entropy_error_coef": 0.13967245711143791, "lstm_learning_rate": -4.578839184214298, "value_error_coef": 0.3188608934509273}, "datetime": {"datetime": "2022-06-25 18:18:33", "elapsed": 2593.937099, "delta": 889.555142}}
{"target": 0.5791374979019165, "params": {"dim_hidden_a2c": 7.40223370602661, "dim_hidden_lstm": 7.904784727158193, "entropy_error_coef": 0.07835604453981071, "lstm_learning_rate": -2.9230321529920578, "value_error_coef": 0.725833491377623}, "datetime": {"datetime": "2022-06-25 18:40:41", "elapsed": 3922.340625, "delta": 1328.403526}}
{"target": 0.58642499345541, "params": {"dim_hidden_a2c": 7.686697663552972, "dim_hidden_lstm": 8.0, "entropy_error_coef": 0.09243308187871509, "lstm_learning_rate": -2.932566899891418, "value_error_coef": 0.8}, "datetime": {"datetime": "2022-06-25 19:02:56", "elapsed": 5257.028138, "delta": 1334.687513}}
{"target": 0.3419250060021877, "params": {"dim_hidden_a2c": 8.0, "dim_hidden_lstm": 8.0, "entropy_error_coef": 0.25, "lstm_learning_rate": -2.0, "value_error_coef": 0.8}, "datetime": {"datetime": "2022-06-25 19:24:05", "elapsed": 6526.310502, "delta": 1269.282364}}
{"target": 0.3018124941140413, "params": {"dim_hidden_a2c": 7.704335803168061, "dim_hidden_lstm": 8.0, "entropy_error_coef": 0.0, "lstm_learning_rate": -3.7163086126295943, "value_error_coef": 0.8}, "datetime": {"datetime": "2022-06-25 19:45:22", "elapsed": 7803.358239, "delta": 1277.047737}}
{"target": 0.27875000578165054, "params": {"dim_hidden_a2c": 6.1654326207282, "dim_hidden_lstm": 7.777256617929705, "entropy_error_coef": 0.21219179505158609, "lstm_learning_rate": -3.2403981549142262, "value_error_coef": 0.3316319079215374}, "datetime": {"datetime": "2022-06-25 20:02:03", "elapsed": 8804.023768, "delta": 1000.665529}}
{"target": 0.5947249958515167, "params": {"dim_hidden_a2c": 7.672167060062913, "dim_hidden_lstm": 7.598028456926195, "entropy_error_coef": 0.0, "lstm_learning_rate": -2.7744949879303764, "value_error_coef": 0.8}, "datetime": {"datetime": "2022-06-25 20:18:24", "elapsed": 9784.867122, "delta": 980.843354}}
{"target": 0.27731249526143076, "params": {"dim_hidden_a2c": 7.759429605115451, "dim_hidden_lstm": 7.797484262232646, "entropy_error_coef": 0.0, "lstm_learning_rate": -2.7919484795848972, "value_error_coef": 0.20169407914320853}, "datetime": {"datetime": "2022-06-25 20:34:49", "elapsed": 10770.334411, "delta": 985.467289}}
{"target": 0.2844000062942505, "params": {"dim_hidden_a2c": 6.651331873049575, "dim_hidden_lstm": 5.64215442231014, "entropy_error_coef": 0.24566669410493774, "lstm_learning_rate": -3.720934670572701, "value_error_coef": 0.6950293487526032}, "datetime": {"datetime": "2022-06-25 20:48:29", "elapsed": 11590.321715, "delta": 819.987304}}
{"target": 0.33267499873042106, "params": {"dim_hidden_a2c": 6.9840212374459565, "dim_hidden_lstm": 6.512742153227659, "entropy_error_coef": 0.06526811936609955, "lstm_learning_rate": -3.1330933661544993, "value_error_coef": 0.44408604229552184}, "datetime": {"datetime": "2022-06-25 21:02:38", "elapsed": 12439.248748, "delta": 848.927033}}
{"target": 0.280075006455183, "params": {"dim_hidden_a2c": 5.422528178273058, "dim_hidden_lstm": 5.8005169283384435, "entropy_error_coef": 0.21266277753769436, "lstm_learning_rate": -3.6530054068783993, "value_error_coef": 0.626296087625025}, "datetime": {"datetime": "2022-06-25 21:16:21", "elapsed": 13262.008164, "delta": 822.759416}}
{"target": 0.4526250004768372, "params": {"dim_hidden_a2c": 6.406746534843004, "dim_hidden_lstm": 5.112960944373015, "entropy_error_coef": 0.03255605799671557, "lstm_learning_rate": -2.8829410787553407, "value_error_coef": 0.48109150136738627}, "datetime": {"datetime": "2022-06-25 21:29:38", "elapsed": 14058.818894, "delta": 796.81073}}
{"target": 0.2785500056147575, "params": {"dim_hidden_a2c": 6.153794328330159, "dim_hidden_lstm": 6.596897328737938, "entropy_error_coef": 0.007674311312161147, "lstm_learning_rate": -4.599082573998789, "value_error_coef": 0.23706746661693462}, "datetime": {"datetime": "2022-06-25 21:44:33", "elapsed": 14954.32708, "delta": 895.508186}}
