{"target": 0.288149997651577, "params": {"dim_hidden_a2c": 6.6680880188102964, "dim_hidden_lstm": 7.881297973768632, "entropy_error_coef": 5.718740867244332e-05, "lstm_learning_rate": -4.0930022821044805, "value_error_coef": 0.11006691811283478}, "datetime": {"datetime": "2022-07-06 13:04:21", "elapsed": 0.0, "delta": 0.0}}
{"target": 0.28437500685453415, "params": {"dim_hidden_a2c": 5.369354379075191, "dim_hidden_lstm": 5.745040845510683, "entropy_error_coef": 0.17278036352152387, "lstm_learning_rate": -3.80969757730799, "value_error_coef": 0.4041125505025177}, "datetime": {"datetime": "2022-07-06 13:10:55", "elapsed": 393.622199, "delta": 393.622199}}
{"target": 0.527025000989437, "params": {"dim_hidden_a2c": 6.676778057613179, "dim_hidden_lstm": 7.740878001587038, "entropy_error_coef": 0.10222612486575872, "lstm_learning_rate": -2.3656476908271635, "value_error_coef": 0.020540694898444622}, "datetime": {"datetime": "2022-07-06 13:18:32", "elapsed": 850.25303, "delta": 456.630831}}
{"target": 0.28420000451803207, "params": {"dim_hidden_a2c": 7.6818700407136085, "dim_hidden_lstm": 6.669219209468508, "entropy_error_coef": 0.27934491422287583, "lstm_learning_rate": -4.578839184214298, "value_error_coef": 0.1485761168136591}, "datetime": {"datetime": "2022-07-06 13:25:25", "elapsed": 1263.227045, "delta": 412.974015}}
{"target": 0.5832500004768372, "params": {"dim_hidden_a2c": 8.202978274702147, "dim_hidden_lstm": 8.87304630287759, "entropy_error_coef": 0.15671208907962142, "lstm_learning_rate": -2.9230321529920578, "value_error_coef": 0.6572918642220287}, "datetime": {"datetime": "2022-07-06 13:40:11", "elapsed": 2149.296862, "delta": 886.069817}}
{"target": 0.28397500461339953, "params": {"dim_hidden_a2c": 8.57842665401539, "dim_hidden_lstm": 5.340176845479112, "entropy_error_coef": 0.01952739161644118, "lstm_learning_rate": -4.490508741306293, "value_error_coef": 0.6586068775720598}, "datetime": {"datetime": "2022-07-06 13:46:36", "elapsed": 2534.539742, "delta": 385.24288}}
{"target": 0.3643500063419342, "params": {"dim_hidden_a2c": 5.3933873353322, "dim_hidden_lstm": 6.684430500020209, "entropy_error_coef": 0.47894476507525097, "lstm_learning_rate": -3.400504145080949, "value_error_coef": 0.518907835462855}, "datetime": {"datetime": "2022-07-06 13:53:17", "elapsed": 2935.20669, "delta": 400.666948}}
{"target": 0.28472500562667846, "params": {"dim_hidden_a2c": 6.262062524024252, "dim_hidden_lstm": 7.746003710726335, "entropy_error_coef": 0.41731283594868646, "lstm_learning_rate": -4.9451351679674245, "value_error_coef": 0.5626082362087256}, "datetime": {"datetime": "2022-07-06 14:00:17", "elapsed": 3355.127487, "delta": 419.920797}}
{"target": 0.2874500037431717, "params": {"dim_hidden_a2c": 7.35956940758722, "dim_hidden_lstm": 9.0, "entropy_error_coef": 0.5, "lstm_learning_rate": -2.0, "value_error_coef": 0.75}, "datetime": {"datetime": "2022-07-06 14:15:45", "elapsed": 4283.970223, "delta": 928.842736}}
{"target": 0.5042250026464462, "params": {"dim_hidden_a2c": 6.714951362059955, "dim_hidden_lstm": 7.77865752326661, "entropy_error_coef": 0.17183213810773634, "lstm_learning_rate": -2.4070383085082088, "value_error_coef": 0.11314988323736314}, "datetime": {"datetime": "2022-07-06 14:23:01", "elapsed": 4719.197953, "delta": 435.22773}}
{"target": 0.29052499029040335, "params": {"dim_hidden_a2c": 8.673047833814026, "dim_hidden_lstm": 8.850894284672396, "entropy_error_coef": 0.0, "lstm_learning_rate": -3.2261678154549296, "value_error_coef": 0.5887300589198424}, "datetime": {"datetime": "2022-07-06 14:37:49", "elapsed": 5607.824952, "delta": 888.626999}}
{"target": 0.3663000027537346, "params": {"dim_hidden_a2c": 6.553910160970933, "dim_hidden_lstm": 8.703008823906274, "entropy_error_coef": 0.42438359010317217, "lstm_learning_rate": -3.2403981549142262, "value_error_coef": 0.16453988490192173}, "datetime": {"datetime": "2022-07-06 14:50:45", "elapsed": 6383.63001, "delta": 775.805058}}
{"target": 0.5353250035047531, "params": {"dim_hidden_a2c": 8.000194059170184, "dim_hidden_lstm": 8.874744328381288, "entropy_error_coef": 0.21886697987538548, "lstm_learning_rate": -2.824143992780615, "value_error_coef": 0.688945995916037}, "datetime": {"datetime": "2022-07-06 15:05:40", "elapsed": 7278.072152, "delta": 894.442142}}
{"target": 0.27995000457763675, "params": {"dim_hidden_a2c": 5.935380771376659, "dim_hidden_lstm": 5.5495157897603455, "entropy_error_coef": 0.4419807563811202, "lstm_learning_rate": -4.98234833982996, "value_error_coef": 0.5616802076867949}, "datetime": {"datetime": "2022-07-06 15:11:48", "elapsed": 7646.143535, "delta": 368.071383}}
{"target": 0.29490000545978545, "params": {"dim_hidden_a2c": 7.201775830732766, "dim_hidden_lstm": 5.85620589641352, "entropy_error_coef": 0.4913333882098755, "lstm_learning_rate": -3.720934670572701, "value_error_coef": 0.6187866859407539}, "datetime": {"datetime": "2022-07-06 15:18:09", "elapsed": 8027.55962, "delta": 381.416085}}
{"target": 0.46770000290870667, "params": {"dim_hidden_a2c": 8.14108166576525, "dim_hidden_lstm": 8.986690479624494, "entropy_error_coef": 0.18790942865442456, "lstm_learning_rate": -2.9572643443695132, "value_error_coef": 0.6253098016752421}, "datetime": {"datetime": "2022-07-06 15:34:51", "elapsed": 9029.349453, "delta": 1001.789833}}
{"target": 0.28932500606775285, "params": {"dim_hidden_a2c": 5.563370904364078, "dim_hidden_lstm": 6.067355904451258, "entropy_error_coef": 0.4253255550753887, "lstm_learning_rate": -3.6530054068783993, "value_error_coef": 0.5328701095312812}, "datetime": {"datetime": "2022-07-06 15:41:34", "elapsed": 9432.166717, "delta": 402.817264}}
{"target": 0.6356749974489212, "params": {"dim_hidden_a2c": 6.8756620464573395, "dim_hidden_lstm": 5.150614592497353, "entropy_error_coef": 0.06511211599343114, "lstm_learning_rate": -2.8829410787553407, "value_error_coef": 0.3513643767092328}, "datetime": {"datetime": "2022-07-06 15:48:10", "elapsed": 9828.990834, "delta": 396.824117}}
{"target": 0.2832000057697296, "params": {"dim_hidden_a2c": 6.538392437773545, "dim_hidden_lstm": 7.129196438317251, "entropy_error_coef": 0.015348622624322295, "lstm_learning_rate": -4.599082573998789, "value_error_coef": 0.04633433327116823}, "datetime": {"datetime": "2022-07-06 15:55:10", "elapsed": 10248.156869, "delta": 419.166035}}
{"target": 0.4763750009536743, "params": {"dim_hidden_a2c": 6.073040386600804, "dim_hidden_lstm": 7.161600022446251, "entropy_error_coef": 0.22695154509276444, "lstm_learning_rate": -2.067045443555903, "value_error_coef": 0.23548916783609994}, "datetime": {"datetime": "2022-07-06 16:02:16", "elapsed": 10674.526333, "delta": 426.369464}}
{"target": 0.5112499989271164, "params": {"dim_hidden_a2c": 8.208994360543432, "dim_hidden_lstm": 8.930731476336232, "entropy_error_coef": 0.20556418021518275, "lstm_learning_rate": -2.865222756529417, "value_error_coef": 0.6374341016606613}, "datetime": {"datetime": "2022-07-06 16:20:31", "elapsed": 11769.40206, "delta": 1094.875727}}
{"target": 0.5408750014305115, "params": {"dim_hidden_a2c": 7.663070507850299, "dim_hidden_lstm": 7.101073587187775, "entropy_error_coef": 0.21067006837278368, "lstm_learning_rate": -3.2836422123319196, "value_error_coef": 0.2426986420251879}, "datetime": {"datetime": "2022-07-06 16:28:41", "elapsed": 12259.272074, "delta": 489.870014}}
{"target": 0.43665000331401826, "params": {"dim_hidden_a2c": 7.122016315994367, "dim_hidden_lstm": 7.3067375317211205, "entropy_error_coef": 0.4410163908997519, "lstm_learning_rate": -2.488069141947419, "value_error_coef": 0.5479998491434168}, "datetime": {"datetime": "2022-07-06 16:37:01", "elapsed": 12759.27276, "delta": 500.000686}}
{"target": 0.4354499944448471, "params": {"dim_hidden_a2c": 6.826891681348845, "dim_hidden_lstm": 5.007991276563628, "entropy_error_coef": 0.0, "lstm_learning_rate": -2.7095035153705607, "value_error_coef": 0.2957499393524684}, "datetime": {"datetime": "2022-07-06 16:44:26", "elapsed": 13204.749836, "delta": 445.477076}}
{"target": 0.28332498741149903, "params": {"dim_hidden_a2c": 6.6680880188102964, "dim_hidden_lstm": 7.881297973768632, "entropy_error_coef": 5.718740867244332e-05, "lstm_learning_rate": -4.0930022821044805, "value_error_coef": 0.11006691811283478}, "datetime": {"datetime": "2022-07-06 23:59:13", "elapsed": 0.0, "delta": 0.0}}
{"target": 0.2879500060081482, "params": {"dim_hidden_a2c": 5.369354379075191, "dim_hidden_lstm": 5.745040845510683, "entropy_error_coef": 0.17278036352152387, "lstm_learning_rate": -3.80969757730799, "value_error_coef": 0.4041125505025177}, "datetime": {"datetime": "2022-07-07 00:05:24", "elapsed": 371.089385, "delta": 371.089385}}
{"target": 0.5418749988079071, "params": {"dim_hidden_a2c": 6.676778057613179, "dim_hidden_lstm": 7.740878001587038, "entropy_error_coef": 0.10222612486575872, "lstm_learning_rate": -2.3656476908271635, "value_error_coef": 0.020540694898444622}, "datetime": {"datetime": "2022-07-07 00:12:18", "elapsed": 784.954119, "delta": 413.864734}}
{"target": 0.2818500059843063, "params": {"dim_hidden_a2c": 7.6818700407136085, "dim_hidden_lstm": 6.669219209468508, "entropy_error_coef": 0.27934491422287583, "lstm_learning_rate": -4.578839184214298, "value_error_coef": 0.1485761168136591}, "datetime": {"datetime": "2022-07-07 00:18:54", "elapsed": 1181.163491, "delta": 396.209372}}
{"target": 0.5776750001907348, "params": {"dim_hidden_a2c": 8.202978274702147, "dim_hidden_lstm": 8.87304630287759, "entropy_error_coef": 0.15671208907962142, "lstm_learning_rate": -2.9230321529920578, "value_error_coef": 0.6572918642220287}, "datetime": {"datetime": "2022-07-07 00:33:28", "elapsed": 2055.317116, "delta": 874.153625}}
{"target": 0.28440000611543653, "params": {"dim_hidden_a2c": 8.57842665401539, "dim_hidden_lstm": 5.340176845479112, "entropy_error_coef": 0.01952739161644118, "lstm_learning_rate": -4.490508741306293, "value_error_coef": 0.6586068775720598}, "datetime": {"datetime": "2022-07-07 00:39:46", "elapsed": 2433.3493, "delta": 378.032184}}
{"target": 0.3641250091791153, "params": {"dim_hidden_a2c": 5.3933873353322, "dim_hidden_lstm": 6.684430500020209, "entropy_error_coef": 0.47894476507525097, "lstm_learning_rate": -3.400504145080949, "value_error_coef": 0.518907835462855}, "datetime": {"datetime": "2022-07-07 00:46:12", "elapsed": 2819.460901, "delta": 386.111601}}
{"target": 0.28587500673532484, "params": {"dim_hidden_a2c": 6.262062524024252, "dim_hidden_lstm": 7.746003710726335, "entropy_error_coef": 0.41731283594868646, "lstm_learning_rate": -4.9451351679674245, "value_error_coef": 0.5626082362087256}, "datetime": {"datetime": "2022-07-07 00:53:02", "elapsed": 3229.845744, "delta": 410.384843}}
{"target": 0.6039999948740006, "params": {"dim_hidden_a2c": 8.955444355625978, "dim_hidden_lstm": 7.992662617519358, "entropy_error_coef": 0.1402219960322026, "lstm_learning_rate": -2.6321620146455347, "value_error_coef": 0.07741950493323152}, "datetime": {"datetime": "2022-07-07 01:02:28", "elapsed": 3795.249044, "delta": 565.4033}}
{"target": 0.28825000607967377, "params": {"dim_hidden_a2c": 6.791574104703621, "dim_hidden_lstm": 8.634382012372383, "entropy_error_coef": 0.14680707418683975, "lstm_learning_rate": -4.136673984240954, "value_error_coef": 0.09752142908870826}, "datetime": {"datetime": "2022-07-07 01:14:44", "elapsed": 4531.580718, "delta": 736.331674}}
{"target": 0.28472500771284104, "params": {"dim_hidden_a2c": 5.077467831481188, "dim_hidden_lstm": 7.715342131759564, "entropy_error_coef": 0.10581405800002952, "lstm_learning_rate": -4.203360021883322, "value_error_coef": 0.3686798694602537}, "datetime": {"datetime": "2022-07-07 01:21:29", "elapsed": 4936.8392, "delta": 405.258482}}
{"target": 0.37767499607801436, "params": {"dim_hidden_a2c": 5.213450180468321, "dim_hidden_lstm": 7.296470421968053, "entropy_error_coef": 0.07336428745290507, "lstm_learning_rate": -3.232083389290147, "value_error_coef": 0.5248187700156983}, "datetime": {"datetime": "2022-07-07 01:28:42", "elapsed": 5368.998253, "delta": 432.159053}}
{"target": 0.28860000747442244, "params": {"dim_hidden_a2c": 5.409337715311303, "dim_hidden_lstm": 6.656223951278273, "entropy_error_coef": 0.34720007886387255, "lstm_learning_rate": -3.7574621914192923, "value_error_coef": 0.03746509420956537}, "datetime": {"datetime": "2022-07-07 01:35:06", "elapsed": 5752.947546, "delta": 383.949293}}
{"target": 0.4100000011920929, "params": {"dim_hidden_a2c": 7.143585623662046, "dim_hidden_lstm": 7.655178580879156, "entropy_error_coef": 0.2574445560291543, "lstm_learning_rate": -2.16621573202756, "value_error_coef": 0.43991628037649466}, "datetime": {"datetime": "2022-07-07 01:42:03", "elapsed": 6170.577075, "delta": 417.629529}}
{"target": 0.6197249940633773, "params": {"dim_hidden_a2c": 8.613607661151534, "dim_hidden_lstm": 5.54989881658495, "entropy_error_coef": 0.06963817362537927, "lstm_learning_rate": -2.5778261338714286, "value_error_coef": 0.2982576277391502}, "datetime": {"datetime": "2022-07-07 01:48:24", "elapsed": 6551.567311, "delta": 380.990236}}
{"target": 0.5176000031232834, "params": {"dim_hidden_a2c": 5.661416788467731, "dim_hidden_lstm": 8.710034321584136, "entropy_error_coef": 0.17388292987275328, "lstm_learning_rate": -2.7475636905915333, "value_error_coef": 0.5444984890128386}, "datetime": {"datetime": "2022-07-07 02:01:16", "elapsed": 7323.503606, "delta": 771.936295}}
{"target": 0.5911749960184097, "params": {"dim_hidden_a2c": 8.843550461279781, "dim_hidden_lstm": 8.47705402105985, "entropy_error_coef": 0.17280813025241554, "lstm_learning_rate": -2.806272479410743, "value_error_coef": 0.4378071389753884}, "datetime": {"datetime": "2022-07-07 02:13:00", "elapsed": 8027.309979, "delta": 703.806373}}
{"target": 0.6107499948740005, "params": {"dim_hidden_a2c": 9.0, "dim_hidden_lstm": 7.8540240259012775, "entropy_error_coef": 0.1292948918326883, "lstm_learning_rate": -2.826658708355356, "value_error_coef": 0.6858883547807237}, "datetime": {"datetime": "2022-07-07 02:22:12", "elapsed": 8579.041649, "delta": 551.73167}}
{"target": 0.6213999950885772, "params": {"dim_hidden_a2c": 8.849399097918011, "dim_hidden_lstm": 6.193950988966398, "entropy_error_coef": 0.07849373850266124, "lstm_learning_rate": -2.5202252079360634, "value_error_coef": 0.479863916201041}, "datetime": {"datetime": "2022-07-07 02:28:46", "elapsed": 8973.108709, "delta": 394.06706}}
{"target": 0.306924988090992, "params": {"dim_hidden_a2c": 9.0, "dim_hidden_lstm": 5.7944442761742705, "entropy_error_coef": 0.0, "lstm_learning_rate": -2.021693021520646, "value_error_coef": 0.11717518658799751}, "datetime": {"datetime": "2022-07-07 02:35:14", "elapsed": 9361.338632, "delta": 388.229923}}
{"target": 0.5889999982118607, "params": {"dim_hidden_a2c": 8.486410745354746, "dim_hidden_lstm": 5.9255391626485405, "entropy_error_coef": 0.15691663443829346, "lstm_learning_rate": -2.855767082171179, "value_error_coef": 0.7251476968750674}, "datetime": {"datetime": "2022-07-07 02:41:40", "elapsed": 9746.95839, "delta": 385.619758}}
{"target": 0.6069999961853028, "params": {"dim_hidden_a2c": 8.915066111536905, "dim_hidden_lstm": 6.88733485147839, "entropy_error_coef": 0.14072034231486186, "lstm_learning_rate": -2.8233195999518785, "value_error_coef": 0.6716021179249344}, "datetime": {"datetime": "2022-07-07 02:48:27", "elapsed": 10154.223231, "delta": 407.264841}}
{"target": 0.5711500005722046, "params": {"dim_hidden_a2c": 8.869316961606605, "dim_hidden_lstm": 6.091115483144931, "entropy_error_coef": 0.17736823615223538, "lstm_learning_rate": -3.074794120519347, "value_error_coef": 0.13586249889790153}, "datetime": {"datetime": "2022-07-07 02:55:04", "elapsed": 10550.922469, "delta": 396.699238}}
{"target": 0.41807500541210174, "params": {"dim_hidden_a2c": 8.437923095106603, "dim_hidden_lstm": 6.408421316525111, "entropy_error_coef": 0.5, "lstm_learning_rate": -2.5927750559157947, "value_error_coef": 0.368627138547601}, "datetime": {"datetime": "2022-07-07 03:01:37", "elapsed": 10944.271737, "delta": 393.349268}}
{"target": 0.6069499975442887, "params": {"dim_hidden_a2c": 9.0, "dim_hidden_lstm": 5.640401766829065, "entropy_error_coef": 0.0, "lstm_learning_rate": -2.8691332636839073, "value_error_coef": 0.730360300079038}, "datetime": {"datetime": "2022-07-07 03:08:11", "elapsed": 11338.436765, "delta": 394.165028}}
{"target": 0.6187499940395356, "params": {"dim_hidden_a2c": 8.308044496080466, "dim_hidden_lstm": 5.0, "entropy_error_coef": 0.0, "lstm_learning_rate": -2.757153993595251, "value_error_coef": 0.6392168518742642}, "datetime": {"datetime": "2022-07-07 03:14:24", "elapsed": 11711.472543, "delta": 373.035778}}
{"target": 0.2817499871850014, "params": {"dim_hidden_a2c": 8.563960089417161, "dim_hidden_lstm": 5.012712879198804, "entropy_error_coef": 0.0, "lstm_learning_rate": -3.069559772536256, "value_error_coef": 0.0}, "datetime": {"datetime": "2022-07-07 03:20:40", "elapsed": 12087.346415, "delta": 375.873872}}
{"target": 0.6065999999046325, "params": {"dim_hidden_a2c": 8.222908223286177, "dim_hidden_lstm": 5.374862394561076, "entropy_error_coef": 0.0, "lstm_learning_rate": -2.2985079331021914, "value_error_coef": 0.75}, "datetime": {"datetime": "2022-07-07 03:26:57", "elapsed": 12464.032029, "delta": 376.685614}}
{"target": 0.404600003361702, "params": {"dim_hidden_a2c": 8.615887974684378, "dim_hidden_lstm": 5.221318310921812, "entropy_error_coef": 0.5, "lstm_learning_rate": -2.5403390712029, "value_error_coef": 0.75}, "datetime": {"datetime": "2022-07-07 03:33:14", "elapsed": 12841.362438, "delta": 377.330409}}
{"target": 0.5926249970197678, "params": {"dim_hidden_a2c": 7.645049301956034, "dim_hidden_lstm": 5.0, "entropy_error_coef": 0.0, "lstm_learning_rate": -2.5849776533543207, "value_error_coef": 0.75}, "datetime": {"datetime": "2022-07-07 03:39:25", "elapsed": 13212.877704, "delta": 371.515266}}
{"target": 0.3008749901652336, "params": {"dim_hidden_a2c": 9.0, "dim_hidden_lstm": 7.366140462015354, "entropy_error_coef": 0.0, "lstm_learning_rate": -3.2115857652425386, "value_error_coef": 0.17418833660411637}, "datetime": {"datetime": "2022-07-07 03:46:23", "elapsed": 13630.286318, "delta": 417.408614}}
{"target": 0.40717500627040865, "params": {"dim_hidden_a2c": 9.0, "dim_hidden_lstm": 8.023300694375179, "entropy_error_coef": 0.5, "lstm_learning_rate": -2.356754996137325, "value_error_coef": 0.5534540682136402}, "datetime": {"datetime": "2022-07-07 03:55:56", "elapsed": 14203.753025, "delta": 573.466707}}
{"target": 0.5228500008583069, "params": {"dim_hidden_a2c": 8.436687783678401, "dim_hidden_lstm": 5.168782320268722, "entropy_error_coef": 0.21074470462031925, "lstm_learning_rate": -2.140218687423765, "value_error_coef": 0.09301600634131121}, "datetime": {"datetime": "2022-07-07 04:02:12", "elapsed": 14579.146053, "delta": 375.393028}}
{"target": 0.6076999963521957, "params": {"dim_hidden_a2c": 9.0, "dim_hidden_lstm": 6.307846601252426, "entropy_error_coef": 0.0, "lstm_learning_rate": -2.9694357646058003, "value_error_coef": 0.75}, "datetime": {"datetime": "2022-07-07 04:08:50", "elapsed": 14977.514735, "delta": 398.368682}}
{"target": 0.5815499999523163, "params": {"dim_hidden_a2c": 9.0, "dim_hidden_lstm": 6.872109980463366, "entropy_error_coef": 0.0, "lstm_learning_rate": -2.282842801940697, "value_error_coef": 0.75}, "datetime": {"datetime": "2022-07-07 04:15:38", "elapsed": 15385.237431, "delta": 407.722696}}
{"target": 0.6165749960541725, "params": {"dim_hidden_a2c": 7.942908380525431, "dim_hidden_lstm": 5.4979213266526825, "entropy_error_coef": 0.0, "lstm_learning_rate": -2.588178471285177, "value_error_coef": 0.33589278865340044}, "datetime": {"datetime": "2022-07-07 04:21:55", "elapsed": 15762.454874, "delta": 377.217443}}
{"target": 0.45570000225305557, "params": {"dim_hidden_a2c": 7.636378402951114, "dim_hidden_lstm": 5.0, "entropy_error_coef": 0.0, "lstm_learning_rate": -2.0, "value_error_coef": 0.24762106140450307}, "datetime": {"datetime": "2022-07-07 04:28:07", "elapsed": 16133.983134, "delta": 371.52826}}
{"target": 0.34512499111890793, "params": {"dim_hidden_a2c": 9.0, "dim_hidden_lstm": 8.956255235258114, "entropy_error_coef": 0.0, "lstm_learning_rate": -3.3044421940800373, "value_error_coef": 0.75}, "datetime": {"datetime": "2022-07-07 04:44:20", "elapsed": 17107.8289, "delta": 973.845766}}
{"target": 0.5127249972820282, "params": {"dim_hidden_a2c": 8.022608453815382, "dim_hidden_lstm": 5.410548649896139, "entropy_error_coef": 0.0, "lstm_learning_rate": -2.925513499744077, "value_error_coef": 0.75}, "datetime": {"datetime": "2022-07-07 04:50:37", "elapsed": 17484.018672, "delta": 376.189772}}
{"target": 0.4516000030040741, "params": {"dim_hidden_a2c": 5.690087375713917, "dim_hidden_lstm": 5.43287749670586, "entropy_error_coef": 0.3756288575766968, "lstm_learning_rate": -2.896646219683785, "value_error_coef": 0.7333189735110843}, "datetime": {"datetime": "2022-07-07 04:56:46", "elapsed": 17853.248669, "delta": 369.229997}}
{"target": 0.278374987244606, "params": {"dim_hidden_a2c": 9.0, "dim_hidden_lstm": 8.611620623565276, "entropy_error_coef": 0.0, "lstm_learning_rate": -2.4153411224072654, "value_error_coef": 0.0}, "datetime": {"datetime": "2022-07-07 05:10:52", "elapsed": 18699.292278, "delta": 846.043609}}
{"target": 0.2966500054001808, "params": {"dim_hidden_a2c": 8.06070211854192, "dim_hidden_lstm": 6.298497921938013, "entropy_error_coef": 0.33793432538747237, "lstm_learning_rate": -3.8880637104326006, "value_error_coef": 0.6252270001308462}, "datetime": {"datetime": "2022-07-07 05:17:26", "elapsed": 19093.205386, "delta": 393.913108}}
{"target": 0.5948250004053116, "params": {"dim_hidden_a2c": 8.89448167096051, "dim_hidden_lstm": 6.140161736576252, "entropy_error_coef": 0.1664867376542855, "lstm_learning_rate": -2.482086921856652, "value_error_coef": 0.4250120575120155}, "datetime": {"datetime": "2022-07-07 05:23:56", "elapsed": 19483.751568, "delta": 390.546182}}
