{"target": 0.30547500467300415, "params": {"dim_hidden_a2c": 6.6680880188102964, "dim_hidden_lstm": 7.881297973768632, "entropy_error_coef": 5.718740867244332e-05, "lstm_learning_rate": -4.0930022821044805, "value_error_coef": 0.11006691811283478}, "datetime": {"datetime": "2022-07-10 10:34:59", "elapsed": 0.0, "delta": 0.0}}
{"target": 0.2871750071644783, "params": {"dim_hidden_a2c": 5.369354379075191, "dim_hidden_lstm": 5.745040845510683, "entropy_error_coef": 0.17278036352152387, "lstm_learning_rate": -3.80969757730799, "value_error_coef": 0.4041125505025177}, "datetime": {"datetime": "2022-07-10 10:41:38", "elapsed": 399.752242, "delta": 399.752242}}
{"target": 0.722774986743927, "params": {"dim_hidden_a2c": 6.676778057613179, "dim_hidden_lstm": 7.740878001587038, "entropy_error_coef": 0.10222612486575872, "lstm_learning_rate": -2.3656476908271635, "value_error_coef": 0.020540694898444622}, "datetime": {"datetime": "2022-07-10 10:49:17", "elapsed": 857.932574, "delta": 458.180332}}
{"target": 0.28255000472068786, "params": {"dim_hidden_a2c": 7.6818700407136085, "dim_hidden_lstm": 6.669219209468508, "entropy_error_coef": 0.27934491422287583, "lstm_learning_rate": -4.578839184214298, "value_error_coef": 0.1485761168136591}, "datetime": {"datetime": "2022-07-10 10:56:25", "elapsed": 1286.664631, "delta": 428.732057}}
{"target": 0.7075249891281128, "params": {"dim_hidden_a2c": 8.202978274702147, "dim_hidden_lstm": 8.87304630287759, "entropy_error_coef": 0.15671208907962142, "lstm_learning_rate": -2.9230321529920578, "value_error_coef": 0.6572918642220287}, "datetime": {"datetime": "2022-07-10 11:12:26", "elapsed": 2247.000072, "delta": 960.335441}}
{"target": 0.2813250041007996, "params": {"dim_hidden_a2c": 8.57842665401539, "dim_hidden_lstm": 5.340176845479112, "entropy_error_coef": 0.01952739161644118, "lstm_learning_rate": -4.490508741306293, "value_error_coef": 0.6586068775720598}, "datetime": {"datetime": "2022-07-10 11:19:15", "elapsed": 2656.214173, "delta": 409.214101}}
{"target": 0.47057499825954435, "params": {"dim_hidden_a2c": 5.3933873353322, "dim_hidden_lstm": 6.684430500020209, "entropy_error_coef": 0.47894476507525097, "lstm_learning_rate": -3.400504145080949, "value_error_coef": 0.518907835462855}, "datetime": {"datetime": "2022-07-10 11:26:15", "elapsed": 3076.462361, "delta": 420.248188}}
{"target": 0.28170000451803207, "params": {"dim_hidden_a2c": 6.262062524024252, "dim_hidden_lstm": 7.746003710726335, "entropy_error_coef": 0.41731283594868646, "lstm_learning_rate": -4.9451351679674245, "value_error_coef": 0.5626082362087256}, "datetime": {"datetime": "2022-07-10 11:33:43", "elapsed": 3524.599348, "delta": 448.136987}}
{"target": 0.7205749852657318, "params": {"dim_hidden_a2c": 8.955444355625978, "dim_hidden_lstm": 7.992662617519358, "entropy_error_coef": 0.1402219960322026, "lstm_learning_rate": -2.6321620146455347, "value_error_coef": 0.07741950493323152}, "datetime": {"datetime": "2022-07-10 11:43:55", "elapsed": 4136.688, "delta": 612.088652}}
{"target": 0.2858250041007996, "params": {"dim_hidden_a2c": 6.791574104703621, "dim_hidden_lstm": 8.634382012372383, "entropy_error_coef": 0.14680707418683975, "lstm_learning_rate": -4.136673984240954, "value_error_coef": 0.09752142908870826}, "datetime": {"datetime": "2022-07-10 11:57:28", "elapsed": 4949.671588, "delta": 812.983588}}
{"target": 0.4491250004768372, "params": {"dim_hidden_a2c": 7.879685236801861, "dim_hidden_lstm": 7.7758154620512085, "entropy_error_coef": 0.5, "lstm_learning_rate": -2.0, "value_error_coef": 0.75}, "datetime": {"datetime": "2022-07-10 12:05:18", "elapsed": 5419.465385, "delta": 469.793797}}
{"target": 0.286374988079071, "params": {"dim_hidden_a2c": 9.0, "dim_hidden_lstm": 9.0, "entropy_error_coef": 0.0, "lstm_learning_rate": -2.3985431996897555, "value_error_coef": 0.0}, "datetime": {"datetime": "2022-07-10 12:27:39", "elapsed": 6760.31083, "delta": 1340.845445}}
{"target": 0.6937999913692474, "params": {"dim_hidden_a2c": 8.53020585835826, "dim_hidden_lstm": 8.264534118509335, "entropy_error_coef": 0.17619660509592813, "lstm_learning_rate": -2.8392002001154077, "value_error_coef": 0.4068811544424701}, "datetime": {"datetime": "2022-07-10 12:39:09", "elapsed": 7450.164324, "delta": 689.853494}}
{"target": 0.2965749899148941, "params": {"dim_hidden_a2c": 7.505574510705049, "dim_hidden_lstm": 8.252830947574202, "entropy_error_coef": 0.0, "lstm_learning_rate": -2.649399196314161, "value_error_coef": 0.06132653833288797}, "datetime": {"datetime": "2022-07-10 12:50:23", "elapsed": 8124.622024, "delta": 674.4577}}
{"target": 0.7205749893188477, "params": {"dim_hidden_a2c": 8.980654467307223, "dim_hidden_lstm": 7.93765580148408, "entropy_error_coef": 0.09806928513922636, "lstm_learning_rate": -2.733292194513648, "value_error_coef": 0.07978944181183154}, "datetime": {"datetime": "2022-07-10 13:00:21", "elapsed": 8722.189153, "delta": 597.567129}}
{"target": 0.47162500047683714, "params": {"dim_hidden_a2c": 9.0, "dim_hidden_lstm": 7.902761832577586, "entropy_error_coef": 0.5, "lstm_learning_rate": -2.784180221227549, "value_error_coef": 0.6028581814747676}, "datetime": {"datetime": "2022-07-10 13:10:18", "elapsed": 9319.78822, "delta": 597.599067}}
{"target": 0.7254499883651734, "params": {"dim_hidden_a2c": 8.534316171194178, "dim_hidden_lstm": 8.315376160058676, "entropy_error_coef": 0.10127188206929777, "lstm_learning_rate": -2.787359363131459, "value_error_coef": 0.4077028734360685}, "datetime": {"datetime": "2022-07-10 13:23:14", "elapsed": 10095.214269, "delta": 775.426049}}
{"target": 0.6424499957561493, "params": {"dim_hidden_a2c": 6.199645480049604, "dim_hidden_lstm": 7.450108906406108, "entropy_error_coef": 0.1580100299149897, "lstm_learning_rate": -2.104576092775356, "value_error_coef": 0.0}, "datetime": {"datetime": "2022-07-10 13:30:46", "elapsed": 10547.304015, "delta": 452.089746}}
{"target": 0.7304249868392945, "params": {"dim_hidden_a2c": 8.644093770610061, "dim_hidden_lstm": 8.65522256531467, "entropy_error_coef": 0.03906049130169936, "lstm_learning_rate": -3.3320221234000083, "value_error_coef": 0.6204519738668972}, "datetime": {"datetime": "2022-07-10 13:44:32", "elapsed": 11373.887603, "delta": 826.583588}}
{"target": 0.2879749869704247, "params": {"dim_hidden_a2c": 6.877950449805645, "dim_hidden_lstm": 6.9948262483484696, "entropy_error_coef": 0.0, "lstm_learning_rate": -2.306799463460084, "value_error_coef": 0.0}, "datetime": {"datetime": "2022-07-10 13:51:28", "elapsed": 11789.734722, "delta": 415.847119}}
{"target": 0.6111999983787537, "params": {"dim_hidden_a2c": 6.234610886303298, "dim_hidden_lstm": 8.161359526768845, "entropy_error_coef": 0.22328975065971324, "lstm_learning_rate": -2.249183757250889, "value_error_coef": 0.02047969277260366}, "datetime": {"datetime": "2022-07-10 14:01:22", "elapsed": 12383.770508, "delta": 594.035786}}
{"target": 0.6850999891757965, "params": {"dim_hidden_a2c": 8.177624117451272, "dim_hidden_lstm": 9.0, "entropy_error_coef": 0.0, "lstm_learning_rate": -3.62470648892106, "value_error_coef": 0.75}, "datetime": {"datetime": "2022-07-10 14:18:18", "elapsed": 13399.574819, "delta": 1015.804311}}
{"target": 0.27862498754262927, "params": {"dim_hidden_a2c": 8.50487320983713, "dim_hidden_lstm": 8.631410187273088, "entropy_error_coef": 0.0, "lstm_learning_rate": -3.4884235459870414, "value_error_coef": 0.0}, "datetime": {"datetime": "2022-07-10 14:32:47", "elapsed": 14267.937279, "delta": 868.36246}}
{"target": 0.6657749977111816, "params": {"dim_hidden_a2c": 7.663070507850299, "dim_hidden_lstm": 7.101073587187775, "entropy_error_coef": 0.21067006837278368, "lstm_learning_rate": -3.2836422123319196, "value_error_coef": 0.2426986420251879}, "datetime": {"datetime": "2022-07-10 14:39:48", "elapsed": 14689.25957, "delta": 421.322291}}
{"target": 0.48885000038146975, "params": {"dim_hidden_a2c": 7.122016315994367, "dim_hidden_lstm": 7.3067375317211205, "entropy_error_coef": 0.4410163908997519, "lstm_learning_rate": -2.488069141947419, "value_error_coef": 0.5479998491434168}, "datetime": {"datetime": "2022-07-10 14:47:00", "elapsed": 15121.740351, "delta": 432.480781}}
{"target": 0.729199985742569, "params": {"dim_hidden_a2c": 8.704768794289842, "dim_hidden_lstm": 8.632668296341054, "entropy_error_coef": 0.0, "lstm_learning_rate": -2.8583504312095083, "value_error_coef": 0.75}, "datetime": {"datetime": "2022-07-10 15:00:22", "elapsed": 15923.717895, "delta": 801.977544}}
{"target": 0.6742249970436096, "params": {"dim_hidden_a2c": 8.436687783678401, "dim_hidden_lstm": 5.168782320268722, "entropy_error_coef": 0.21074470462031925, "lstm_learning_rate": -2.140218687423765, "value_error_coef": 0.09301600634131121}, "datetime": {"datetime": "2022-07-10 15:07:09", "elapsed": 16330.67443, "delta": 406.956535}}
{"target": 0.46754999840259553, "params": {"dim_hidden_a2c": 8.588618004097995, "dim_hidden_lstm": 9.0, "entropy_error_coef": 0.5, "lstm_learning_rate": -3.2884040287755374, "value_error_coef": 0.75}, "datetime": {"datetime": "2022-07-10 15:25:16", "elapsed": 17417.319324, "delta": 1086.644894}}
{"target": 0.7254749846458435, "params": {"dim_hidden_a2c": 8.269985604419082, "dim_hidden_lstm": 8.421971445541892, "entropy_error_coef": 0.0, "lstm_learning_rate": -3.14583923275139, "value_error_coef": 0.75}, "datetime": {"datetime": "2022-07-10 15:37:38", "elapsed": 18159.706436, "delta": 742.387112}}
{"target": 0.2901249873638153, "params": {"dim_hidden_a2c": 8.719693215555983, "dim_hidden_lstm": 7.469638617127965, "entropy_error_coef": 0.0, "lstm_learning_rate": -2.4518696049695947, "value_error_coef": 0.0}, "datetime": {"datetime": "2022-07-10 15:45:09", "elapsed": 18610.843255, "delta": 451.136819}}
{"target": 0.7270999836921692, "params": {"dim_hidden_a2c": 8.85053890402174, "dim_hidden_lstm": 8.235048732644566, "entropy_error_coef": 0.0, "lstm_learning_rate": -3.203949915007323, "value_error_coef": 0.75}, "datetime": {"datetime": "2022-07-10 15:56:06", "elapsed": 19267.84928, "delta": 657.006025}}
{"target": 0.47682500052452087, "params": {"dim_hidden_a2c": 6.235009200664641, "dim_hidden_lstm": 7.656098117102097, "entropy_error_coef": 0.4828969996657583, "lstm_learning_rate": -2.7638470258337247, "value_error_coef": 0.02046071553490364}, "datetime": {"datetime": "2022-07-10 16:03:19", "elapsed": 19700.124127, "delta": 432.274847}}
{"target": 0.47402499938011167, "params": {"dim_hidden_a2c": 6.678859283862232, "dim_hidden_lstm": 7.847526993977805, "entropy_error_coef": 0.47229249607776425, "lstm_learning_rate": -2.0, "value_error_coef": 0.0}, "datetime": {"datetime": "2022-07-10 16:12:37", "elapsed": 20258.12681, "delta": 558.002683}}
{"target": 0.5358250019550324, "params": {"dim_hidden_a2c": 5.690087375713917, "dim_hidden_lstm": 5.43287749670586, "entropy_error_coef": 0.3756288575766968, "lstm_learning_rate": -2.896646219683785, "value_error_coef": 0.7333189735110843}, "datetime": {"datetime": "2022-07-10 16:19:05", "elapsed": 20645.978838, "delta": 387.852028}}
{"target": 0.7164999862909317, "params": {"dim_hidden_a2c": 8.283617079678404, "dim_hidden_lstm": 8.506305959551387, "entropy_error_coef": 0.0, "lstm_learning_rate": -2.560828994185893, "value_error_coef": 0.75}, "datetime": {"datetime": "2022-07-10 16:31:18", "elapsed": 21379.765203, "delta": 733.786365}}
{"target": 0.31870000684261324, "params": {"dim_hidden_a2c": 8.06070211854192, "dim_hidden_lstm": 6.298497921938013, "entropy_error_coef": 0.33793432538747237, "lstm_learning_rate": -3.8880637104326006, "value_error_coef": 0.6252270001308462}, "datetime": {"datetime": "2022-07-10 16:38:10", "elapsed": 21790.917895, "delta": 411.152692}}
{"target": 0.7284749834537506, "params": {"dim_hidden_a2c": 6.401190531911238, "dim_hidden_lstm": 7.805298469053541, "entropy_error_coef": 0.0, "lstm_learning_rate": -2.316578982791756, "value_error_coef": 0.4872430133100541}, "datetime": {"datetime": "2022-07-10 16:45:35", "elapsed": 22236.660516, "delta": 445.742621}}
{"target": 0.29022499060630796, "params": {"dim_hidden_a2c": 5.79303344042588, "dim_hidden_lstm": 7.756817244052114, "entropy_error_coef": 0.0, "lstm_learning_rate": -2.0, "value_error_coef": 0.5865407711175303}, "datetime": {"datetime": "2022-07-10 16:52:40", "elapsed": 22661.474564, "delta": 424.814048}}
{"target": 0.28710000503063204, "params": {"dim_hidden_a2c": 8.147039868518117, "dim_hidden_lstm": 5.367151108374834, "entropy_error_coef": 0.36645729795764753, "lstm_learning_rate": -3.914548570045304, "value_error_coef": 0.49278088624160615}, "datetime": {"datetime": "2022-07-10 17:00:22", "elapsed": 23123.554032, "delta": 462.079468}}
{"target": 0.671274987578392, "params": {"dim_hidden_a2c": 8.573227742965477, "dim_hidden_lstm": 8.312521049957166, "entropy_error_coef": 0.0, "lstm_learning_rate": -3.7933784761735776, "value_error_coef": 0.75}, "datetime": {"datetime": "2022-07-10 17:14:44", "elapsed": 23985.448323, "delta": 861.894291}}
