{"target": 0.25358398509025576, "params": {"dim_hidden_a2c": 6.6680880188102964, "dim_hidden_lstm": 7.881297973768632, "entropy_error_coef": 5.718740867244332e-05, "lstm_learning_rate": -4.0930022821044805, "value_error_coef": 0.11006691811283478}, "datetime": {"datetime": "2022-07-22 00:15:33", "elapsed": 0.0, "delta": 0.0}}
{"target": 0.2500319852232933, "params": {"dim_hidden_a2c": 5.369354379075191, "dim_hidden_lstm": 5.745040845510683, "entropy_error_coef": 0.17278036352152387, "lstm_learning_rate": -3.80969757730799, "value_error_coef": 0.4041125505025177}, "datetime": {"datetime": "2022-07-22 00:24:01", "elapsed": 507.35013, "delta": 507.35013}}
{"target": 0.566672003030777, "params": {"dim_hidden_a2c": 6.676778057613179, "dim_hidden_lstm": 7.740878001587038, "entropy_error_coef": 0.10222612486575872, "lstm_learning_rate": -2.3656476908271635, "value_error_coef": 0.020540694898444622}, "datetime": {"datetime": "2022-07-22 00:33:39", "elapsed": 1085.796578, "delta": 578.446448}}
{"target": 0.24961598420143127, "params": {"dim_hidden_a2c": 7.6818700407136085, "dim_hidden_lstm": 6.669219209468508, "entropy_error_coef": 0.27934491422287583, "lstm_learning_rate": -4.578839184214298, "value_error_coef": 0.1485761168136591}, "datetime": {"datetime": "2022-07-22 00:42:42", "elapsed": 1628.499431, "delta": 542.702853}}
{"target": 0.41111998981237413, "params": {"dim_hidden_a2c": 8.202978274702147, "dim_hidden_lstm": 8.87304630287759, "entropy_error_coef": 0.15671208907962142, "lstm_learning_rate": -2.9230321529920578, "value_error_coef": 0.6572918642220287}, "datetime": {"datetime": "2022-07-22 01:04:36", "elapsed": 2942.776112, "delta": 1314.276681}}
{"target": 0.25385598361492157, "params": {"dim_hidden_a2c": 8.57842665401539, "dim_hidden_lstm": 5.340176845479112, "entropy_error_coef": 0.01952739161644118, "lstm_learning_rate": -4.490508741306293, "value_error_coef": 0.6586068775720598}, "datetime": {"datetime": "2022-07-22 01:13:12", "elapsed": 3458.672517, "delta": 515.896405}}
{"target": 0.27609598451852796, "params": {"dim_hidden_a2c": 5.3933873353322, "dim_hidden_lstm": 6.684430500020209, "entropy_error_coef": 0.47894476507525097, "lstm_learning_rate": -3.400504145080949, "value_error_coef": 0.518907835462855}, "datetime": {"datetime": "2022-07-22 01:22:01", "elapsed": 3987.517791, "delta": 528.845274}}
{"target": 0.25254398423433305, "params": {"dim_hidden_a2c": 6.262062524024252, "dim_hidden_lstm": 7.746003710726335, "entropy_error_coef": 0.41731283594868646, "lstm_learning_rate": -4.9451351679674245, "value_error_coef": 0.5626082362087256}, "datetime": {"datetime": "2022-07-22 01:31:36", "elapsed": 4562.521336, "delta": 575.003545}}
{"target": 0.6488640320301056, "params": {"dim_hidden_a2c": 8.955444355625978, "dim_hidden_lstm": 7.992662617519358, "entropy_error_coef": 0.1402219960322026, "lstm_learning_rate": -2.6321620146455347, "value_error_coef": 0.07741950493323152}, "datetime": {"datetime": "2022-07-22 01:45:10", "elapsed": 5376.566617, "delta": 814.045281}}
{"target": 0.25100798588991163, "params": {"dim_hidden_a2c": 6.791574104703621, "dim_hidden_lstm": 8.634382012372383, "entropy_error_coef": 0.14680707418683975, "lstm_learning_rate": -4.136673984240954, "value_error_coef": 0.09752142908870826}, "datetime": {"datetime": "2022-07-22 02:03:27", "elapsed": 6473.532633, "delta": 1096.966016}}
{"target": 0.2506559855341911, "params": {"dim_hidden_a2c": 5.077467831481188, "dim_hidden_lstm": 7.715342131759564, "entropy_error_coef": 0.10581405800002952, "lstm_learning_rate": -4.203360021883322, "value_error_coef": 0.3686798694602537}, "datetime": {"datetime": "2022-07-22 02:13:36", "elapsed": 7082.728269, "delta": 609.195636}}
{"target": 0.34695998394489286, "params": {"dim_hidden_a2c": 5.213450180468321, "dim_hidden_lstm": 7.296470421968053, "entropy_error_coef": 0.07336428745290507, "lstm_learning_rate": -3.232083389290147, "value_error_coef": 0.5248187700156983}, "datetime": {"datetime": "2022-07-22 02:23:10", "elapsed": 7656.281278, "delta": 573.553009}}
{"target": 0.25107198518514634, "params": {"dim_hidden_a2c": 5.409337715311303, "dim_hidden_lstm": 6.656223951278273, "entropy_error_coef": 0.34720007886387255, "lstm_learning_rate": -3.7574621914192923, "value_error_coef": 0.03746509420956537}, "datetime": {"datetime": "2022-07-22 02:31:57", "elapsed": 8183.378109, "delta": 527.096831}}
{"target": 0.29390398097038267, "params": {"dim_hidden_a2c": 7.143585623662046, "dim_hidden_lstm": 7.655178580879156, "entropy_error_coef": 0.2574445560291543, "lstm_learning_rate": -2.16621573202756, "value_error_coef": 0.43991628037649466}, "datetime": {"datetime": "2022-07-22 02:41:37", "elapsed": 8763.325081, "delta": 579.946972}}
{"target": 0.649984034895897, "params": {"dim_hidden_a2c": 8.613607661151534, "dim_hidden_lstm": 5.54989881658495, "entropy_error_coef": 0.06963817362537927, "lstm_learning_rate": -2.5778261338714286, "value_error_coef": 0.2982576277391502}, "datetime": {"datetime": "2022-07-22 02:50:19", "elapsed": 9285.537468, "delta": 522.212387}}
{"target": 0.397055986225605, "params": {"dim_hidden_a2c": 5.661416788467731, "dim_hidden_lstm": 8.710034321584136, "entropy_error_coef": 0.17388292987275328, "lstm_learning_rate": -2.7475636905915333, "value_error_coef": 0.5444984890128386}, "datetime": {"datetime": "2022-07-22 03:09:19", "elapsed": 10425.162874, "delta": 1139.625406}}
{"target": 0.2545439842939377, "params": {"dim_hidden_a2c": 8.533224364823239, "dim_hidden_lstm": 7.4946888282224355, "entropy_error_coef": 0.3754712170136686, "lstm_learning_rate": -3.9533049740664725, "value_error_coef": 0.20244591882376956}, "datetime": {"datetime": "2022-07-22 03:18:59", "elapsed": 11005.160825, "delta": 579.997951}}
{"target": 0.39329599344730376, "params": {"dim_hidden_a2c": 8.583544872784268, "dim_hidden_lstm": 6.71236475948518, "entropy_error_coef": 0.4824200235741928, "lstm_learning_rate": -3.0096755065446557, "value_error_coef": 0.46627179015684134}, "datetime": {"datetime": "2022-07-22 03:28:12", "elapsed": 11558.631242, "delta": 553.470417}}
{"target": 0.5181439979076385, "params": {"dim_hidden_a2c": 5.458983891813501, "dim_hidden_lstm": 8.797957034828285, "entropy_error_coef": 0.22495606673997026, "lstm_learning_rate": -3.264831156838605, "value_error_coef": 0.30610260207096085}, "datetime": {"datetime": "2022-07-22 03:48:29", "elapsed": 12775.790909, "delta": 1217.159667}}
{"target": 0.2506879838705063, "params": {"dim_hidden_a2c": 5.948107920972111, "dim_hidden_lstm": 8.613518082249016, "entropy_error_coef": 0.2868397433361429, "lstm_learning_rate": -4.991389018906523, "value_error_coef": 0.4628586852155429}, "datetime": {"datetime": "2022-07-22 04:06:23", "elapsed": 13850.029176, "delta": 1074.238267}}
{"target": 0.2534239841103554, "params": {"dim_hidden_a2c": 6.306579607088384, "dim_hidden_lstm": 7.108232409030437, "entropy_error_coef": 0.44297104965538725, "lstm_learning_rate": -3.9281907199925006, "value_error_coef": 0.6814013631898495}, "datetime": {"datetime": "2022-07-22 04:15:28", "elapsed": 14394.73239, "delta": 544.703214}}
{"target": 0.3971199927330017, "params": {"dim_hidden_a2c": 7.493440463167211, "dim_hidden_lstm": 5.063284971386225, "entropy_error_coef": 0.46471861687188065, "lstm_learning_rate": -2.9273092474492284, "value_error_coef": 0.7479921378386104}, "datetime": {"datetime": "2022-07-22 04:23:46", "elapsed": 14892.186693, "delta": 497.454303}}
{"target": 0.3977119883298874, "params": {"dim_hidden_a2c": 5.689362033381315, "dim_hidden_lstm": 5.5485429985155115, "entropy_error_coef": 0.4662977315185818, "lstm_learning_rate": -2.9095455155302994, "value_error_coef": 0.04950012954154687}, "datetime": {"datetime": "2022-07-22 04:32:08", "elapsed": 15394.512412, "delta": 502.325719}}
{"target": 0.39982399106025696, "params": {"dim_hidden_a2c": 8.021852210409865, "dim_hidden_lstm": 8.015504753844986, "entropy_error_coef": 0.46151226777324167, "lstm_learning_rate": -2.865425724114585, "value_error_coef": 0.09320322147912352}, "datetime": {"datetime": "2022-07-22 04:45:49", "elapsed": 16215.269551, "delta": 820.757139}}
{"target": 0.24974398159980774, "params": {"dim_hidden_a2c": 9.0, "dim_hidden_lstm": 8.310531859311991, "entropy_error_coef": 0.0, "lstm_learning_rate": -2.2691830437554144, "value_error_coef": 0.0}, "datetime": {"datetime": "2022-07-22 05:03:53", "elapsed": 17299.290011, "delta": 1084.02046}}
{"target": 0.5188959901332855, "params": {"dim_hidden_a2c": 6.199594531448193, "dim_hidden_lstm": 6.833850879896882, "entropy_error_coef": 0.29306887734316484, "lstm_learning_rate": -2.770736961792505, "value_error_coef": 0.355648189002444}, "datetime": {"datetime": "2022-07-22 05:12:52", "elapsed": 17838.162088, "delta": 538.872077}}
{"target": 0.6192000237703323, "params": {"dim_hidden_a2c": 7.9447152131094825, "dim_hidden_lstm": 7.761841345990051, "entropy_error_coef": 0.04793222549277876, "lstm_learning_rate": -2.976125929134344, "value_error_coef": 0.48890742410546695}, "datetime": {"datetime": "2022-07-22 05:22:47", "elapsed": 18433.893019, "delta": 595.730931}}
{"target": 0.3408799854516983, "params": {"dim_hidden_a2c": 6.553910160970933, "dim_hidden_lstm": 8.703008823906274, "entropy_error_coef": 0.42438359010317217, "lstm_learning_rate": -3.2403981549142262, "value_error_coef": 0.16453988490192173}, "datetime": {"datetime": "2022-07-22 05:41:46", "elapsed": 19572.643703, "delta": 1138.750684}}
{"target": 0.3386879883408546, "params": {"dim_hidden_a2c": 5.323598070116441, "dim_hidden_lstm": 8.399871052916438, "entropy_error_coef": 0.4006406623738474, "lstm_learning_rate": -2.9362887846641326, "value_error_coef": 0.5670105910277118}, "datetime": {"datetime": "2022-07-22 05:57:20", "elapsed": 20506.432779, "delta": 933.789076}}
{"target": 0.24932798385620117, "params": {"dim_hidden_a2c": 5.935380771376659, "dim_hidden_lstm": 5.5495157897603455, "entropy_error_coef": 0.4419807563811202, "lstm_learning_rate": -4.98234833982996, "value_error_coef": 0.5616802076867949}, "datetime": {"datetime": "2022-07-22 06:05:44", "elapsed": 21010.753876, "delta": 504.321097}}
{"target": 0.2525119850635529, "params": {"dim_hidden_a2c": 7.201775830732766, "dim_hidden_lstm": 5.85620589641352, "entropy_error_coef": 0.4913333882098755, "lstm_learning_rate": -3.720934670572701, "value_error_coef": 0.6187866859407539}, "datetime": {"datetime": "2022-07-22 06:14:23", "elapsed": 21529.468398, "delta": 518.714522}}
{"target": 0.580592010974884, "params": {"dim_hidden_a2c": 7.645361649927942, "dim_hidden_lstm": 7.016989537636878, "entropy_error_coef": 0.1305362387321991, "lstm_learning_rate": -3.1330933661544993, "value_error_coef": 0.30510755286940217}, "datetime": {"datetime": "2022-07-22 06:23:37", "elapsed": 22084.023452, "delta": 554.555054}}
{"target": 0.2503519851565361, "params": {"dim_hidden_a2c": 5.563370904364078, "dim_hidden_lstm": 6.067355904451258, "entropy_error_coef": 0.4253255550753887, "lstm_learning_rate": -3.6530054068783993, "value_error_coef": 0.5328701095312812}, "datetime": {"datetime": "2022-07-22 06:32:09", "elapsed": 22595.910135, "delta": 511.886683}}
{"target": 0.6289440287351609, "params": {"dim_hidden_a2c": 6.8756620464573395, "dim_hidden_lstm": 5.150614592497353, "entropy_error_coef": 0.06511211599343114, "lstm_learning_rate": -2.8829410787553407, "value_error_coef": 0.3513643767092328}, "datetime": {"datetime": "2022-07-22 06:40:14", "elapsed": 23080.947386, "delta": 485.037251}}
{"target": 0.2511359847187996, "params": {"dim_hidden_a2c": 6.538392437773545, "dim_hidden_lstm": 7.129196438317251, "entropy_error_coef": 0.015348622624322295, "lstm_learning_rate": -4.599082573998789, "value_error_coef": 0.04633433327116823}, "datetime": {"datetime": "2022-07-22 06:49:24", "elapsed": 23630.591041, "delta": 549.643655}}
{"target": 0.38627198565006254, "params": {"dim_hidden_a2c": 6.073040386600804, "dim_hidden_lstm": 7.161600022446251, "entropy_error_coef": 0.22695154509276444, "lstm_learning_rate": -2.067045443555903, "value_error_coef": 0.23548916783609994}, "datetime": {"datetime": "2022-07-22 06:58:26", "elapsed": 24172.67907, "delta": 542.088029}}
{"target": 0.26167998427152633, "params": {"dim_hidden_a2c": 5.674601584937269, "dim_hidden_lstm": 8.000558765075501, "entropy_error_coef": 0.09291710726120772, "lstm_learning_rate": -3.5301092903537405, "value_error_coef": 0.5376409405128162}, "datetime": {"datetime": "2022-07-22 07:11:33", "elapsed": 24959.548022, "delta": 786.868952}}
{"target": 0.5316319992542267, "params": {"dim_hidden_a2c": 7.663070507850299, "dim_hidden_lstm": 7.101073587187775, "entropy_error_coef": 0.21067006837278368, "lstm_learning_rate": -3.2836422123319196, "value_error_coef": 0.2426986420251879}, "datetime": {"datetime": "2022-07-22 07:20:53", "elapsed": 25519.631329, "delta": 560.083307}}
{"target": 0.37319998747110367, "params": {"dim_hidden_a2c": 7.122016315994367, "dim_hidden_lstm": 7.3067375317211205, "entropy_error_coef": 0.4410163908997519, "lstm_learning_rate": -2.488069141947419, "value_error_coef": 0.5479998491434168}, "datetime": {"datetime": "2022-07-22 07:30:15", "elapsed": 26081.887942, "delta": 562.256613}}
{"target": 0.6204960247278214, "params": {"dim_hidden_a2c": 8.725560535472612, "dim_hidden_lstm": 7.7510117811920765, "entropy_error_coef": 0.07003689160384333, "lstm_learning_rate": -2.8218979886445985, "value_error_coef": 0.2752864616113284}, "datetime": {"datetime": "2022-07-22 07:40:38", "elapsed": 26704.684143, "delta": 622.796201}}
{"target": 0.38679997938871385, "params": {"dim_hidden_a2c": 8.436687783678401, "dim_hidden_lstm": 5.168782320268722, "entropy_error_coef": 0.21074470462031925, "lstm_learning_rate": -2.140218687423765, "value_error_coef": 0.09301600634131121}, "datetime": {"datetime": "2022-07-22 07:49:37", "elapsed": 27243.71117, "delta": 539.027027}}
{"target": 0.44007998991012576, "params": {"dim_hidden_a2c": 8.918413381943035, "dim_hidden_lstm": 7.881612710846733, "entropy_error_coef": 0.4093329103824402, "lstm_learning_rate": -2.7271289364601063, "value_error_coef": 0.24878667509236088}, "datetime": {"datetime": "2022-07-22 08:03:48", "elapsed": 28094.370468, "delta": 850.659298}}
{"target": 0.587296014547348, "params": {"dim_hidden_a2c": 8.03731555260451, "dim_hidden_lstm": 7.370434133034446, "entropy_error_coef": 0.0, "lstm_learning_rate": -2.932454514362767, "value_error_coef": 0.35928726855071696}, "datetime": {"datetime": "2022-07-22 08:14:25", "elapsed": 28731.870455, "delta": 637.499987}}
